
*******   STEP   1      *** NEFF=10 CALCULATION                
    1   0.135E+01   0.521E+00   0.721E+00
    2   0.686E-01   0.191E+01   0.595E+00
    3   0.218E+00   0.110E+01   0.410E+00
    4   0.116E+00   0.888E+00   0.191E+00
    5   0.406E-01   0.703E+00   0.600E-01
    6   0.253E-01   0.517E+00   0.318E-01
    7   0.178E-01   0.356E+00   0.210E-01
    8   0.742E-02   0.236E+00   0.855E-02
    9   0.376E-02   0.157E+00   0.474E-02
   10   0.343E-02   0.106E+00   0.415E-02
   11   0.209E-02   0.732E-01   0.259E-02
   12   0.127E-02   0.504E-01   0.142E-02
   13   0.801E-03   0.345E-01   0.118E-02
   14   0.810E-03   0.233E-01   0.737E-03
   15   0.595E-03   0.132E-01   0.521E-03
   16   0.350E-03   0.588E-02   0.283E-03
   17   0.192E-03   0.168E-02   0.247E-03
   18   0.983E-04   0.596E-03   0.284E-03

*******   STEP   2      *** NEFF=10 CALCULATION                
    1   0.296E-02   0.253E-02   0.227E-02
    2   0.131E-02   0.196E-01   0.143E-02
    3   0.111E-02   0.120E-01   0.515E-03
    4   0.174E-03   0.435E-02   0.221E-03
    5   0.245E-03   0.174E-02   0.375E-04
    6   0.847E-04   0.199E-03   0.912E-04

*******   STEP   3      *** NEFF=10 CALCULATION                
    1   0.301E-02   0.165E-02   0.224E-02
    2   0.129E-02   0.192E-01   0.144E-02
    3   0.110E-02   0.118E-01   0.519E-03
    4   0.171E-03   0.427E-02   0.234E-03
    5   0.241E-03   0.171E-02   0.958E-04
    6   0.928E-04   0.180E-03   0.141E-03

*******   STEP   4      *** NEFF=10 CALCULATION                
    1   0.301E-02   0.169E-02   0.231E-02
    2   0.133E-02   0.192E-01   0.154E-02
    3   0.113E-02   0.117E-01   0.561E-03
    4   0.192E-03   0.431E-02   0.274E-03
    5   0.248E-03   0.175E-02   0.160E-03
    6   0.112E-03   0.286E-03   0.214E-03

*******   STEP   5      *** NEFF=10 CALCULATION                
    1   0.322E-02   0.161E-02   0.213E-02
    2   0.122E-02   0.180E-01   0.139E-02
    3   0.105E-02   0.109E-01   0.507E-03
    4   0.174E-03   0.394E-02   0.218E-03
    5   0.227E-03   0.159E-02   0.115E-03
    6   0.876E-04   0.244E-03   0.174E-03

*******   STEP   6      *** NEFF=10 CALCULATION                
    1   0.326E-02   0.174E-02   0.217E-02
    2   0.125E-02   0.180E-01   0.144E-02
    3   0.107E-02   0.109E-01   0.529E-03
    4   0.181E-03   0.397E-02   0.244E-03
    5   0.231E-03   0.163E-02   0.153E-03
    6   0.101E-03   0.310E-03   0.213E-03

*******   STEP   7      *** NEFF=10 CALCULATION                
    1   0.330E-02   0.183E-02   0.220E-02
    2   0.127E-02   0.179E-01   0.150E-02
    3   0.109E-02   0.109E-01   0.559E-03
    4   0.197E-03   0.399E-02   0.268E-03
    5   0.236E-03   0.167E-02   0.185E-03
    6   0.112E-03   0.376E-03   0.250E-03

*******   STEP   8      *** NEFF=10 CALCULATION                
    1   0.334E-02   0.194E-02   0.224E-02
    2   0.130E-02   0.178E-01   0.156E-02
    3   0.112E-02   0.108E-01   0.590E-03
    4   0.213E-03   0.401E-02   0.293E-03
    5   0.243E-03   0.172E-02   0.213E-03
    6   0.123E-03   0.440E-03   0.283E-03

*******   STEP   9      *** NEFF=10 CALCULATION                
    1   0.338E-02   0.206E-02   0.228E-02
    2   0.133E-02   0.176E-01   0.162E-02
    3   0.115E-02   0.107E-01   0.622E-03
    4   0.230E-03   0.403E-02   0.321E-03
    5   0.250E-03   0.178E-02   0.239E-03
    6   0.134E-03   0.505E-03   0.312E-03

*******   STEP  10      *** NEFF=10 CALCULATION                
    1   0.343E-02   0.220E-02   0.232E-02
    2   0.137E-02   0.175E-01   0.168E-02
    3   0.118E-02   0.107E-01   0.653E-03
    4   0.248E-03   0.406E-02   0.350E-03
    5   0.257E-03   0.183E-02   0.263E-03
    6   0.144E-03   0.570E-03   0.337E-03

*******   STEP  11      *** NEFF=10 CALCULATION                
    1   0.348E-02   0.235E-02   0.237E-02
    2   0.140E-02   0.173E-01   0.175E-02
    3   0.120E-02   0.106E-01   0.683E-03
    4   0.265E-03   0.409E-02   0.382E-03
    5   0.265E-03   0.190E-02   0.284E-03
    6   0.154E-03   0.634E-03   0.358E-03

*******   STEP  12      *** NEFF=10 CALCULATION                
    1   0.353E-02   0.250E-02   0.241E-02
    2   0.144E-02   0.172E-01   0.180E-02
    3   0.123E-02   0.105E-01   0.712E-03
    4   0.283E-03   0.412E-02   0.414E-03
    5   0.273E-03   0.196E-02   0.301E-03
    6   0.163E-03   0.697E-03   0.373E-03

*******   STEP  13      *** NEFF=10 CALCULATION                
    1   0.358E-02   0.267E-02   0.245E-02
    2   0.148E-02   0.170E-01   0.185E-02
    3   0.126E-02   0.104E-01   0.740E-03
    4   0.300E-03   0.415E-02   0.446E-03
    5   0.281E-03   0.203E-02   0.315E-03
    6   0.172E-03   0.759E-03   0.385E-03

*******   STEP  14      *** NEFF=10 CALCULATION                
    1   0.364E-02   0.284E-02   0.249E-02
    2   0.151E-02   0.167E-01   0.190E-02
    3   0.129E-02   0.102E-01   0.765E-03
    4   0.316E-03   0.418E-02   0.479E-03
    5   0.290E-03   0.210E-02   0.324E-03
    6   0.179E-03   0.819E-03   0.392E-03

*******   STEP  15      *** NEFF=10 CALCULATION                
    1   0.369E-02   0.303E-02   0.253E-02
    2   0.155E-02   0.165E-01   0.193E-02
    3   0.132E-02   0.101E-01   0.790E-03
    4   0.332E-03   0.422E-02   0.511E-03
    5   0.298E-03   0.217E-02   0.330E-03
    6   0.185E-03   0.876E-03   0.396E-03

*******   STEP  16      *** NEFF=10 CALCULATION                
    1   0.374E-02   0.322E-02   0.256E-02
    2   0.158E-02   0.163E-01   0.196E-02
    3   0.135E-02   0.997E-02   0.814E-03
    4   0.348E-03   0.426E-02   0.542E-03
    5   0.306E-03   0.224E-02   0.332E-03
    6   0.190E-03   0.929E-03   0.398E-03

*******   STEP  17      *** NEFF=10 CALCULATION                
    1   0.379E-02   0.341E-02   0.258E-02
    2   0.161E-02   0.160E-01   0.198E-02
    3   0.137E-02   0.983E-02   0.837E-03
    4   0.362E-03   0.431E-02   0.571E-03
    5   0.314E-03   0.231E-02   0.330E-03
    6   0.194E-03   0.978E-03   0.399E-03

*******   STEP  18      *** NEFF=10 CALCULATION                
    1   0.384E-02   0.361E-02   0.260E-02
    2   0.164E-02   0.157E-01   0.199E-02
    3   0.139E-02   0.967E-02   0.860E-03
    4   0.376E-03   0.435E-02   0.598E-03
    5   0.321E-03   0.237E-02   0.325E-03
    6   0.196E-03   0.102E-02   0.401E-03
    7   0.171E-03   0.102E-02   0.360E-03
    8   0.178E-03   0.107E-02   0.246E-03
    9   0.119E-03   0.782E-03   0.152E-03

*******   STEP  19      *** NEFF=10 CALCULATION                
    1   0.406E-02   0.395E-02   0.279E-02
    2   0.177E-02   0.157E-01   0.204E-02
    3   0.148E-02   0.972E-02   0.871E-03
    4   0.362E-03   0.450E-02   0.653E-03
    5   0.323E-03   0.249E-02   0.342E-03
    6   0.215E-03   0.106E-02   0.420E-03
    7   0.180E-03   0.108E-02   0.394E-03
    8   0.182E-03   0.113E-02   0.260E-03
    9   0.124E-03   0.821E-03   0.157E-03

*******   STEP  20      *** NEFF=10 CALCULATION                
    1   0.409E-02   0.406E-02   0.277E-02
    2   0.179E-02   0.154E-01   0.202E-02
    3   0.149E-02   0.955E-02   0.882E-03
    4   0.372E-03   0.451E-02   0.649E-03
    5   0.327E-03   0.252E-02   0.325E-03
    6   0.208E-03   0.108E-02   0.416E-03
    7   0.173E-03   0.108E-02   0.405E-03
    8   0.179E-03   0.113E-02   0.258E-03
    9   0.124E-03   0.811E-03   0.150E-03

*******   STEP  21      *** NEFF=10 CALCULATION                
    1   0.412E-02   0.418E-02   0.274E-02
    2   0.180E-02   0.150E-01   0.201E-02
    3   0.150E-02   0.936E-02   0.893E-03
    4   0.383E-03   0.451E-02   0.643E-03
    5   0.332E-03   0.254E-02   0.306E-03
    6   0.199E-03   0.110E-02   0.413E-03
    7   0.166E-03   0.108E-02   0.414E-03
    8   0.176E-03   0.112E-02   0.253E-03
    9   0.123E-03   0.796E-03   0.144E-03

*******   STEP  22      *** NEFF=10 CALCULATION                
    1   0.413E-02   0.429E-02   0.271E-02
    2   0.181E-02   0.147E-01   0.198E-02
    3   0.151E-02   0.917E-02   0.900E-03
    4   0.393E-03   0.449E-02   0.633E-03
    5   0.335E-03   0.255E-02   0.285E-03
    6   0.189E-03   0.110E-02   0.411E-03
    7   0.158E-03   0.108E-02   0.423E-03
    8   0.172E-03   0.111E-02   0.245E-03
    9   0.122E-03   0.774E-03   0.143E-03

*******   STEP  23      *** NEFF=10 CALCULATION                
    1   0.414E-02   0.440E-02   0.266E-02
    2   0.182E-02   0.144E-01   0.195E-02
    3   0.151E-02   0.897E-02   0.905E-03
    4   0.403E-03   0.447E-02   0.617E-03
    5   0.339E-03   0.255E-02   0.264E-03
    6   0.178E-03   0.110E-02   0.409E-03
    7   0.149E-03   0.107E-02   0.426E-03
    8   0.168E-03   0.109E-02   0.234E-03
    9   0.120E-03   0.748E-03   0.146E-03

*******   STEP  24      *** NEFF=10 CALCULATION                
    1   0.415E-02   0.450E-02   0.262E-02
    2   0.183E-02   0.140E-01   0.192E-02
    3   0.151E-02   0.877E-02   0.907E-03
    4   0.413E-03   0.443E-02   0.598E-03
    5   0.342E-03   0.253E-02   0.243E-03
    6   0.166E-03   0.109E-02   0.407E-03
    7   0.140E-03   0.106E-02   0.426E-03
    8   0.163E-03   0.107E-02   0.221E-03
    9   0.117E-03   0.716E-03   0.153E-03

*******   STEP  25      *** NEFF=10 CALCULATION                
    1   0.415E-02   0.460E-02   0.257E-02
    2   0.183E-02   0.137E-01   0.188E-02
    3   0.151E-02   0.855E-02   0.906E-03
    4   0.421E-03   0.438E-02   0.576E-03
    5   0.344E-03   0.251E-02   0.222E-03
    6   0.155E-03   0.108E-02   0.404E-03
    7   0.130E-03   0.104E-02   0.423E-03
    8   0.158E-03   0.104E-02   0.206E-03
    9   0.114E-03   0.681E-03   0.162E-03

*******   STEP  26      *** NEFF=10 CALCULATION                
    1   0.414E-02   0.470E-02   0.251E-02
    2   0.184E-02   0.133E-01   0.185E-02
    3   0.151E-02   0.833E-02   0.901E-03
    4   0.429E-03   0.431E-02   0.552E-03
    5   0.346E-03   0.247E-02   0.202E-03
    6   0.144E-03   0.106E-02   0.399E-03
    7   0.121E-03   0.101E-02   0.416E-03
    8   0.152E-03   0.100E-02   0.190E-03
    9   0.110E-03   0.642E-03   0.172E-03

*******   STEP  27      *** NEFF=10 CALCULATION                
    1   0.413E-02   0.479E-02   0.246E-02
    2   0.184E-02   0.129E-01   0.181E-02
    3   0.150E-02   0.810E-02   0.892E-03
    4   0.437E-03   0.422E-02   0.526E-03
    5   0.348E-03   0.242E-02   0.183E-03
    6   0.133E-03   0.104E-02   0.392E-03
    7   0.111E-03   0.980E-03   0.405E-03

*******   STEP  28      *** NEFF=10 CALCULATION                
    1   0.410E-02   0.511E-02   0.242E-02
    2   0.184E-02   0.122E-01   0.174E-02
    3   0.148E-02   0.776E-02   0.964E-03
    4   0.429E-03   0.427E-02   0.572E-03
    5   0.346E-03   0.241E-02   0.244E-03
    6   0.136E-03   0.106E-02   0.541E-03
    7   0.117E-03   0.119E-02   0.503E-03
    8   0.160E-03   0.105E-02   0.158E-03
    9   0.113E-03   0.595E-03   0.329E-03

*******   STEP  29      *** NEFF=10 CALCULATION                
    1   0.409E-02   0.488E-02   0.233E-02
    2   0.182E-02   0.122E-01   0.172E-02
    3   0.148E-02   0.761E-02   0.841E-03
    4   0.913E-03   0.387E-02   0.598E-03
    5   0.326E-03   0.236E-02   0.610E-03
    6   0.197E-03   0.188E-02   0.455E-03
    7   0.298E-03   0.148E-02   0.498E-03
    8   0.249E-03   0.139E-02   0.504E-03
    9   0.167E-03   0.115E-02   0.275E-03
   10   0.122E-03   0.608E-03   0.243E-03

*******   STEP  30      *** NEFF=10 CALCULATION                
    1   0.415E-02   0.524E-02   0.236E-02
    2   0.186E-02   0.120E-01   0.170E-02
    3   0.150E-02   0.748E-02   0.838E-03
    4   0.912E-03   0.382E-02   0.559E-03
    5   0.321E-03   0.227E-02   0.545E-03
    6   0.184E-03   0.179E-02   0.436E-03
    7   0.283E-03   0.146E-02   0.487E-03
    8   0.239E-03   0.135E-02   0.452E-03
    9   0.159E-03   0.105E-02   0.216E-03
   10   0.106E-03   0.534E-03   0.256E-03

*******   STEP  31      *** NEFF=10 CALCULATION                
    1   0.412E-02   0.529E-02   0.230E-02
    2   0.185E-02   0.116E-01   0.166E-02
    3   0.148E-02   0.721E-02   0.816E-03
    4   0.907E-03   0.365E-02   0.484E-03
    5   0.324E-03   0.215E-02   0.468E-03
    6   0.155E-03   0.172E-02   0.401E-03
    7   0.258E-03   0.139E-02   0.441E-03
    8   0.224E-03   0.123E-02   0.386E-03
    9   0.147E-03   0.922E-03   0.170E-03

*******   STEP  32      *** NEFF=10 CALCULATION                
    1   0.412E-02   0.546E-02   0.228E-02
    2   0.187E-02   0.110E-01   0.162E-02
    3   0.147E-02   0.690E-02   0.831E-03
    4   0.888E-03   0.358E-02   0.498E-03
    5   0.316E-03   0.209E-02   0.429E-03
    6   0.156E-03   0.160E-02   0.413E-03
    7   0.248E-03   0.137E-02   0.468E-03
    8   0.214E-03   0.124E-02   0.354E-03
    9   0.141E-03   0.858E-03   0.138E-03

*******   STEP  33      *** NEFF=10 CALCULATION                
    1   0.408E-02   0.546E-02   0.222E-02
    2   0.185E-02   0.106E-01   0.158E-02
    3   0.145E-02   0.661E-02   0.783E-03
    4   0.878E-03   0.335E-02   0.379E-03
    5   0.316E-03   0.190E-02   0.345E-03
    6   0.118E-03   0.153E-02   0.369E-03
    7   0.217E-03   0.128E-02   0.379E-03
    8   0.196E-03   0.105E-02   0.256E-03
    9   0.125E-03   0.688E-03   0.106E-03

*******   STEP  34      *** NEFF=10 CALCULATION                
    1   0.403E-02   0.550E-02   0.217E-02
    2   0.184E-02   0.102E-01   0.154E-02
    3   0.143E-02   0.632E-02   0.752E-03
    4   0.868E-03   0.313E-02   0.298E-03
    5   0.318E-03   0.174E-02   0.287E-03
    6   0.889E-04   0.145E-02   0.339E-03
    7   0.192E-03   0.121E-02   0.316E-03
    8   0.179E-03   0.915E-03   0.185E-03

*******   STEP  35      *** NEFF=10 CALCULATION                
    1   0.396E-02   0.552E-02   0.210E-02
    2   0.182E-02   0.966E-02   0.149E-02
    3   0.140E-02   0.595E-02   0.737E-03
    4   0.843E-03   0.296E-02   0.266E-03
    5   0.313E-03   0.160E-02   0.262E-03
    6   0.750E-04   0.136E-02   0.340E-03
    7   0.173E-03   0.115E-02   0.293E-03
    8   0.164E-03   0.838E-03   0.142E-03

*******   STEP  36      *** NEFF=10 CALCULATION                
    1   0.392E-02   0.553E-02   0.206E-02
    2   0.180E-02   0.929E-02   0.145E-02
    3   0.137E-02   0.566E-02   0.685E-03
    4   0.828E-03   0.269E-02   0.181E-03
    5   0.312E-03   0.140E-02   0.250E-03
    6   0.453E-04   0.130E-02   0.295E-03
    7   0.147E-03   0.107E-02   0.202E-03
    8   0.145E-03   0.670E-03   0.126E-03

*******   STEP  37      *** NEFF=10 CALCULATION                
    1   0.386E-02   0.550E-02   0.203E-02
    2   0.177E-02   0.895E-02   0.141E-02
    3   0.135E-02   0.537E-02   0.639E-03
    4   0.815E-03   0.242E-02   0.183E-03
    5   0.317E-03   0.122E-02   0.265E-03
    6   0.369E-04   0.125E-02   0.242E-03
    7   0.122E-03   0.992E-03   0.161E-03

*******   STEP  38      *** NEFF=10 CALCULATION                
    1   0.376E-02   0.540E-02   0.196E-02
    2   0.171E-02   0.839E-02   0.134E-02
    3   0.129E-02   0.499E-02   0.590E-03
    4   0.779E-03   0.214E-02   0.256E-03
    5   0.312E-03   0.105E-02   0.320E-03
    6   0.548E-04   0.119E-02   0.201E-03
    7   0.101E-03   0.916E-03   0.196E-03

*******   STEP  39      *** NEFF=10 CALCULATION                
    1   0.372E-02   0.538E-02   0.195E-02
    2   0.169E-02   0.807E-02   0.131E-02
    3   0.126E-02   0.471E-02   0.553E-03
    4   0.761E-03   0.186E-02   0.398E-03
    5   0.316E-03   0.944E-03   0.390E-03

*******   STEP  40      *** NEFF=10 CALCULATION                
    1   0.375E-02   0.578E-02   0.194E-02
    2   0.170E-02   0.745E-02   0.129E-02
    3   0.123E-02   0.442E-02   0.496E-03
    4   0.707E-03   0.171E-02   0.437E-03
    5   0.273E-03   0.844E-03   0.535E-03

*******   STEP  41      *** NEFF=10 CALCULATION                
    1   0.372E-02   0.592E-02   0.194E-02
    2   0.170E-02   0.714E-02   0.128E-02
    3   0.121E-02   0.419E-02   0.462E-03
    4   0.681E-03   0.150E-02   0.529E-03
    5   0.260E-03   0.855E-03   0.631E-03

*******   STEP  42      *** NEFF=10 CALCULATION                
    1   0.413E-02   0.611E-02   0.226E-02
    2   0.149E-02   0.684E-02   0.126E-02
    3   0.675E-03   0.388E-02   0.482E-03
    4   0.398E-03   0.211E-02   0.368E-03
    5   0.359E-03   0.108E-02   0.165E-03
    6   0.237E-03   0.449E-03   0.111E-03

*******   STEP  43      *** NEFF=10 CALCULATION                
    1   0.367E-02   0.578E-02   0.203E-02
    2   0.168E-02   0.694E-02   0.123E-02
    3   0.120E-02   0.381E-02   0.512E-03
    4   0.428E-03   0.133E-02   0.336E-03
    5   0.345E-03   0.780E-03   0.299E-03

*******   STEP  44      *** NEFF=10 CALCULATION                
    1   0.368E-02   0.587E-02   0.210E-02
    2   0.165E-02   0.684E-02   0.120E-02
    3   0.117E-02   0.364E-02   0.592E-03
    4   0.441E-03   0.132E-02   0.382E-03
    5   0.361E-03   0.778E-03   0.445E-03

*******   STEP  45      *** NEFF=10 CALCULATION                
    1   0.364E-02   0.581E-02   0.214E-02
    2   0.162E-02   0.662E-02   0.116E-02
    3   0.859E-03   0.359E-02   0.602E-03
    4   0.668E-03   0.187E-02   0.592E-03
    5   0.407E-03   0.882E-03   0.628E-03

*******   STEP  46      *** NEFF=10 CALCULATION                
    1   0.365E-02   0.630E-02   0.209E-02
    2   0.169E-02   0.625E-02   0.126E-02
    3   0.113E-02   0.337E-02   0.464E-03
    4   0.317E-03   0.122E-02   0.339E-03
    5   0.289E-03   0.605E-03   0.318E-03

*******   STEP  47      *** NEFF=10 CALCULATION                
    1   0.356E-02   0.581E-02   0.216E-02
    2   0.158E-02   0.625E-02   0.113E-02
    3   0.787E-03   0.334E-02   0.549E-03
    4   0.614E-03   0.177E-02   0.708E-03
    5   0.386E-03   0.111E-02   0.752E-03
    6   0.238E-03   0.962E-03   0.162E-03

*******   STEP  48      *** NEFF=10 CALCULATION                
    1   0.350E-02   0.582E-02   0.218E-02
    2   0.154E-02   0.597E-02   0.113E-02
    3   0.685E-03   0.317E-02   0.474E-03
    4   0.427E-03   0.181E-02   0.380E-03
    5   0.376E-03   0.102E-02   0.175E-03
    6   0.252E-03   0.493E-03   0.179E-03

*******   STEP  49      *** NEFF=10 CALCULATION                
    1   0.340E-02   0.574E-02   0.213E-02
    2   0.152E-02   0.594E-02   0.108E-02
    3   0.705E-03   0.320E-02   0.496E-03
    4   0.551E-03   0.180E-02   0.801E-03
    5   0.357E-03   0.135E-02   0.844E-03
    6   0.247E-03   0.111E-02   0.175E-03
    7   0.193E-03   0.502E-03   0.771E-03

*******   STEP  50      *** NEFF=10 CALCULATION                
    1   0.331E-02   0.546E-02   0.223E-02
    2   0.138E-02   0.583E-02   0.953E-03
    3   0.640E-03   0.304E-02   0.522E-03
    4   0.519E-03   0.185E-02   0.782E-03
    5   0.374E-03   0.135E-02   0.730E-03
    6   0.262E-03   0.946E-03   0.143E-03

*******   STEP  51      *** NEFF=10 CALCULATION                
    1   0.340E-02   0.579E-02   0.229E-02
    2   0.146E-02   0.594E-02   0.107E-02
    3   0.573E-03   0.314E-02   0.441E-03
    4   0.390E-03   0.200E-02   0.397E-03
    5   0.356E-03   0.126E-02   0.210E-03
    6   0.259E-03   0.711E-03   0.288E-03
