
 **** INPUT FILE VPSC.IN FOR THIS RUN ****
1                        number of elements (nelem)                             
2                        number of phases (nph)                                 
0.55628 0.44372          relative vol. fract. of phases (wph(i))                
*INFORMATION ABOUT PHASE #1                                                     
1 0 25                   grain shape contrl, fragmentn, crit aspect ratio       
1 1 1                    initial ellipsoid ratios (dummy if ishape=4            
0 0 0                    init Eul ang ellips axes (dummy if ishape=3,4)         
* name and path of texture file (filetext)                                      
betaTex.tex                                                                     
* name and path of single crystal file (filecrys)                               
beta.SX                                                                         
* name and path of grain shape file (dummy if ishape=0) (fileaxes)              
betaShape.morph                                                                 
*INFORMATION ABOUT PHASE #2                                                     
0 0 25                   grain shape contrl, fragmentn, crit aspect ratio       
1 1 1                    initial ellipsoid ratios (dummy if ishape=4            
0 0 0                    init Eul ang ellips axes (dummy if ishape=3,4)         
* name and path of texture file (filetext)                                      
alphaTex.tex                                                                    
* name and path of single crystal file (filecrys)                               
alpha.SX                                                                        
* name and path of grain shape file (dummy if ishape=0) (fileaxes)              
alphaShape.morph                                                                
*PRECISION SETTINGS FOR CONVERGENCE PROCEDURES                                  
0.001 0.001 0.001 0.001  errs,errd,errm,errso                                   
100 100 25               itmax:   max # of iter, external, internal and SO loops
0 2 10 2                 irsvar & jrsini,jrsfin,jrstep (dummy if irsvar=0)      
1                        ibcinv (0: don't use <Bc>**-1, 1: use <Bc>**-1 in SC eq
*INPUT/OUTPUT SETTINGS FOR THE RUN (default is zero)                            
0                        irecover:read grain states from POSTMORT.IN (1) or not 
0                        isave:   write grain states in POSTMORT.OUT at step 'is
0                        icubcomp:calculate fcc rolling components?             
0                        nwrite (frequency of texture downloads)                
*MODELING CONDITIONS FOR THE RUN                                                
3                        interaction (0:FC,1:affine,2:secant,3:neff=10,4:tangent
1 1 1                    iupdate: update orient, grain shape, hardening         
0                        nneigh (0 for no neighbors, 1 for pairs, etc.)         
0                        iflu (0: don't calc, 1: calc fluctuations)             
*NUMBER OF PROCESSES (Lij const; Lij variable; PCYS ;LANKFORD; rigid rotatn)    
2                                                                               
*IVGVAR AND PATH\NAME OF FILE FOR EACH PROCESS (dummy if ivgvar=2,3)            
0                                                                               
VelGrad.def                                                                     
4                                                                               
rot.rot                                                                         

IPH=  0  FIJPH     1.0000   0.0000   0.0000   0.0000   1.0000   0.0000   0.0000   0.0000   1.0000
         EIGNVAL   1.0000   1.0000   1.0000
         EIGNVEC   1.0000  -0.0000   0.0000   0.0000  -0.0000   1.0000   0.0000  -1.0000   0.0000

 **** CRYSTAL DATA FILE ****
*Material: Ti-6242                                                              
CUBIC                                crysym                                     
1	1	1.000000		90	90	90         cdim(i),cang(i)                                  
*Elastic stiffness of single crystal [MPa]                                      
135e3	113e3	113e3	0  		0  		0  		                                               
113e3	113e3	135e3	0  		0  		0  		                                               
113e3	113e3	135e3	0  		0  		0  		                                               
0  		0  		0  		54.9e3	0  		0  		                                                
0  		0  		0  		0  		54.9e3	0  		                                                
0  		0  		0  		0  		0  		54.9e3	                                                
*Thermal expansion coefficients of single crystal[K^(-1)]                       
0 0 0 0 0 0                                                                     
SLIP AND TWINNING MODES                                                         
3                                nmodesx                                        
3                                nmodes                                         
1 2 3                                 mode(i)                                   
   {110}<111> SLIP                                                              
1 12 1 0                       modex,nsmx,iopsysx,itwtypex                      
0 1 1   1 1 -1                                                                  
1 0 1   1 1 -1                                                                  
1 -1 0   1 1 -1                                                                 
0 1 -1   1 -1 -1                                                                
1 0 1   1 -1 -1                                                                 
1 1 0   1 -1 -1                                                                 
0 1 1   1 -1 1                                                                  
1 0 -1   1 -1 1                                                                 
1 1 0   1 -1 1                                                                  
0 1 -1   1 1 1                                                                  
1 0 -1   1 1 1                                                                  
1 -1 0   1 1 1                                                                  
   {112}<111> SLIP                                                              
2 12 1 0                       modex,nsmx,iopsysx,itwtypex                      
-2 1 -1   -1 -1 1                                                               
1 -2 -1   -1 -1 1                                                               
1 1 2   -1 -1 1                                                                 
-2 -1 -1   -1 1 1                                                               
1 2 -1   -1 1 1                                                                 
1 -1 2   -1 1 1                                                                 
2 1 -1   1 -1 1                                                                 
-1 -2 -1   1 -1 1                                                               
-1 1 2   1 -1 1                                                                 
2 -1 -1   1 1 1                                                                 
-1 2 -1   1 1 1                                                                 
-1 -1 2   1 1 1                                                                 
   {123}<111> SLIP                                                              
3 24 1 0                       modex,nsmx,iopsysx,itwtypex                      
1 2 3   1 1 -1                                                                  
-1 3 2   1 1 -1                                                                 
2 1 3   1 1 -1                                                                  
-2 3 1   1 1 -1                                                                 
3 -1 2   1 1 -1                                                                 
3 -2 1   1 1 -1                                                                 
-1 2 -3   1 -1 -1                                                               
1 3 -2   1 -1 -1                                                                
2 -1 3   1 -1 -1                                                                
2 3 -1   1 -1 -1                                                                
3 1 2   1 -1 -1                                                                 
3 2 1   1 -1 -1                                                                 
1 -2 -3   1 -1 1                                                                
1 3 2   1 -1 1                                                                  
2 -1 -3   1 -1 1                                                                
2 3 1   1 -1 1                                                                  
3 1 -2   1 -1 1                                                                 
3 2 -1   1 -1 1                                                                 
1 2 -3   1 1 1                                                                  
1 -3 2   1 1 1                                                                  
2 1 -3   1 1 1                                                                  
2 -3 1   1 1 1                                                                  
-3 1 2   1 1 1                                                                  
-3 2 1   1 1 1                                                                  
CONSTITUTIVE LAW                                                                
0           Voce = 0, MTS=1                                                     
1           iratesens (0:rate insensitive, 1:rate sensitive)                    
50           grsze --> grain size only matters if HPfactor is nonzero           
   {110}<111> SLIP----------------------------------------------------          
20                                             nrsx                             
30.0000 0.00000 0.00000 0.00000 0.00000            tau0x,tau1x,thet0,thet1, hpfa
0.00000 0.00000 0.00000        hlatex(1,im),im=1,nmodes                         
   {112}<111> SLIP----------------------------------------------------          
20                                             nrsx                             
30.0000 0.00000 0.00000 0.00000 0.00000            tau0x,tau1x,thet0,thet1, hpfa
0.00000 0.00000 0.00000        hlatex(1,im),im=1,nmodes                         
   {123}<111> SLIP----------------------------------------------------          
20                                             nrsx                             
30.0000 0.00000 0.00000 0.00000 0.00000            tau0x,tau1x,thet0,thet1, hpfa
0.00000 0.00000 0.00000        hlatex(1,im),im=1,nmodes                         
**** END OF CRYSTAL DATA FILE ****


  N & B FOR MODE  1 IN PHASE  1
     0.000     0.707     0.707        0.577     0.577    -0.577
     0.707     0.000     0.707        0.577     0.577    -0.577
     0.707    -0.707     0.000        0.577     0.577    -0.577
     0.000     0.707    -0.707        0.577    -0.577    -0.577
     0.707     0.000     0.707        0.577    -0.577    -0.577
     0.707     0.707     0.000        0.577    -0.577    -0.577
     0.000     0.707     0.707        0.577    -0.577     0.577
     0.707     0.000    -0.707        0.577    -0.577     0.577
     0.707     0.707     0.000        0.577    -0.577     0.577
     0.000     0.707    -0.707        0.577     0.577     0.577
     0.707     0.000    -0.707        0.577     0.577     0.577
     0.707    -0.707     0.000        0.577     0.577     0.577
  N & B FOR MODE  2 IN PHASE  1
    -0.816     0.408    -0.408       -0.577    -0.577     0.577
     0.408    -0.816    -0.408       -0.577    -0.577     0.577
     0.408     0.408     0.816       -0.577    -0.577     0.577
    -0.816    -0.408    -0.408       -0.577     0.577     0.577
     0.408     0.816    -0.408       -0.577     0.577     0.577
     0.408    -0.408     0.816       -0.577     0.577     0.577
     0.816     0.408    -0.408        0.577    -0.577     0.577
    -0.408    -0.816    -0.408        0.577    -0.577     0.577
    -0.408     0.408     0.816        0.577    -0.577     0.577
     0.816    -0.408    -0.408        0.577     0.577     0.577
    -0.408     0.816    -0.408        0.577     0.577     0.577
    -0.408    -0.408     0.816        0.577     0.577     0.577
  N & B FOR MODE  3 IN PHASE  1
     0.267     0.535     0.802        0.577     0.577    -0.577
    -0.267     0.802     0.535        0.577     0.577    -0.577
     0.535     0.267     0.802        0.577     0.577    -0.577
    -0.535     0.802     0.267        0.577     0.577    -0.577
     0.802    -0.267     0.535        0.577     0.577    -0.577
     0.802    -0.535     0.267        0.577     0.577    -0.577
    -0.267     0.535    -0.802        0.577    -0.577    -0.577
     0.267     0.802    -0.535        0.577    -0.577    -0.577
     0.535    -0.267     0.802        0.577    -0.577    -0.577
     0.535     0.802    -0.267        0.577    -0.577    -0.577
     0.802     0.267     0.535        0.577    -0.577    -0.577
     0.802     0.535     0.267        0.577    -0.577    -0.577
     0.267    -0.535    -0.802        0.577    -0.577     0.577
     0.267     0.802     0.535        0.577    -0.577     0.577
     0.535    -0.267    -0.802        0.577    -0.577     0.577
     0.535     0.802     0.267        0.577    -0.577     0.577
     0.802     0.267    -0.535        0.577    -0.577     0.577
     0.802     0.535    -0.267        0.577    -0.577     0.577
     0.267     0.535    -0.802        0.577     0.577     0.577
     0.267    -0.802     0.535        0.577     0.577     0.577
     0.535     0.267    -0.802        0.577     0.577     0.577
     0.535    -0.802     0.267        0.577     0.577     0.577
    -0.802     0.267     0.535        0.577     0.577     0.577
    -0.802     0.535     0.267        0.577     0.577     0.577

 **** CRYST TEXTURE (FIRST FEW LINES) ****
                                                                                
                                                                                
                                                                                
B 1                                                                             
   0.00    0.00    0.00   0.0010000                                             
   0.00    0.00    0.00   0.0010000                                             
   0.00    0.00    0.00   0.0010000                                             
   0.00    0.00    0.00   0.0010000                                             
   0.00    0.00    0.00   0.0010000                                             
   0.00    0.00    0.00   0.0010000                                             
    .........................
 **** END OF CRYST TEXTURE DATA FILE ****

IPH=  1  FIJPH     1.0000   0.0000   0.0000   0.0000   1.0000   0.0000   0.0000   0.0000   1.0000
         EIGNVAL   1.0000   1.0000   1.0000
         EIGNVEC   1.0000  -0.0000   0.0000   0.0000  -0.0000   1.0000   0.0000  -1.0000   0.0000

 **** CRYSTAL DATA FILE ****
*Material: Ti-6242                                                              
HEXAGONAL                                crysym                                 
1	1	1.594000		90	90	120         cdim(i),cang(i)                                 
*Elastic stiffness of single crystal [MPa]                                      
141e3	76.9e3	57.9e3	0  		0  		0  		                                             
76.9e3	141e3	57.9e3	0  		0  		0  		                                             
57.9e3	57.9e3	163e3	0  		0  		0  		                                             
0  		0  		0  		48.7e3	0  		0  		                                                
0  		0  		0  		0  		48.7e3	0  		                                                
0  		0  		0  		0  		0  		32.05e3	                                               
*Thermal expansion coefficients of single crystal[K^(-1)]                       
5.7e-6 5.7e-6 10.3e-6 0 0 0                                                     
SLIP AND TWINNING MODES                                                         
4                                nmodesx                                        
4                                nmodes                                         
1 2 3 4                                 mode(i)                                 
PRISMATIC                                                                       
1 3 1 0                       modex,nsmx,iopsysx,itwtypex                       
1 0 -1 0   -1 2 -1 0                                                            
0 -1 1 0   2 -1 -1 0                                                            
-1 1 0 0   -1 -1 2 0                                                            
BASAL                                                                           
2 3 1 0                       modex,nsmx,iopsysx,itwtypex                       
0 0 0 1   2 -1 -1 0                                                             
0 0 0 1   -1 2 -1 0                                                             
0 0 0 1   -1 -1 2 0                                                             
PYRAMIDAL<c+a>                                                                  
3 12 1 0                       modex,nsmx,iopsysx,itwtypex                      
1 0 -1 1   2 -1 -1 -3                                                           
1 0 -1 1   1 1 -2 -3                                                            
0 1 -1 1   1 1 -2 -3                                                            
0 1 -1 1   -1 2 -1 -3                                                           
-1 1 0 1   -1 2 -1 -3                                                           
-1 1 0 1   -2 1 1 -3                                                            
-1 0 1 1   -2 1 1 -3                                                            
-1 0 1 1   -1 -1 2 -3                                                           
0 -1 1 1   -1 -1 2 -3                                                           
0 -1 1 1   1 -2 1 -3                                                            
1 -1 0 1   0 -1 2 -3                                                            
1 -1 0 1   2 -1 -1 -3                                                           
PYRAMIDAL<a>                                                                    
4 6 1 0                       modex,nsmx,iopsysx,itwtypex                       
1 0 -1 1   -1 2 -1 0                                                            
0 -1 1 1   2 -1 -1 0                                                            
-1 1 0 1   -1 -1 2 0                                                            
-1 0 1 1   -1 2 -1 0                                                            
0 1 -1 1   2 -1 -1 0                                                            
1 -1 0 1   1 1 -2 0                                                             
CONSTITUTIVE LAW                                                                
0           Voce = 0, MTS=1                                                     
1           iratesens (0:rate insensitive, 1:rate sensitive)                    
50           grsze --> grain size only matters if HPfactor is nonzero           
PRISMATIC----------------------------------------------------                   
20                                             nrsx                             
100.000 0.00000 0.00000 0.00000 0.00000            tau0x,tau1x,thet0,thet1, hpfa
0.00000 0.00000 0.00000 0.00000        hlatex(1,im),im=1,nmodes                 
BASAL----------------------------------------------------                       
20                                             nrsx                             
110.000 0.00000 0.00000 0.00000 0.00000            tau0x,tau1x,thet0,thet1, hpfa
0.00000 0.00000 0.00000 0.00000        hlatex(1,im),im=1,nmodes                 
PYRAMIDAL<c+a>----------------------------------------------------              
20                                             nrsx                             
300.000 0.00000 0.00000 0.00000 0.00000            tau0x,tau1x,thet0,thet1, hpfa
0.00000 0.00000 0.00000 0.00000        hlatex(1,im),im=1,nmodes                 
PYRAMIDAL<a>----------------------------------------------------                
20                                             nrsx                             
95.0000 0.00000 0.00000 0.00000 0.00000            tau0x,tau1x,thet0,thet1, hpfa
0.00000 0.00000 0.00000 0.00000        hlatex(1,im),im=1,nmodes                 
**** END OF CRYSTAL DATA FILE ****


  N & B FOR MODE  1 IN PHASE  2
     0.866     0.500     0.000       -0.500     0.866     0.000
     0.000    -1.000     0.000        1.000     0.000     0.000
    -0.866     0.500     0.000       -0.500    -0.866     0.000
  N & B FOR MODE  2 IN PHASE  2
     0.000     0.000     1.000        1.000     0.000     0.000
     0.000     0.000     1.000       -0.500     0.866     0.000
     0.000     0.000     1.000       -0.500    -0.866     0.000
  N & B FOR MODE  3 IN PHASE  2
     0.761     0.439     0.477        0.531     0.000    -0.847
     0.761     0.439     0.477        0.266     0.460    -0.847
     0.000     0.879     0.477        0.266     0.460    -0.847
     0.000     0.879     0.477       -0.266     0.460    -0.847
    -0.761     0.439     0.477       -0.266     0.460    -0.847
    -0.761     0.439     0.477       -0.531     0.000    -0.847
    -0.761    -0.439     0.477       -0.531     0.000    -0.847
    -0.761    -0.439     0.477       -0.266    -0.460    -0.847
     0.000    -0.879     0.477       -0.266    -0.460    -0.847
     0.000    -0.879     0.477        0.266    -0.460    -0.847
     0.761    -0.439     0.477       -0.091    -0.475    -0.875
     0.761    -0.439     0.477        0.531     0.000    -0.847
  N & B FOR MODE  4 IN PHASE  2
     0.761     0.439     0.477       -0.500     0.866     0.000
     0.000    -0.879     0.477        1.000     0.000     0.000
    -0.761     0.439     0.477       -0.500    -0.866     0.000
    -0.761    -0.439     0.477       -0.500     0.866     0.000
     0.000     0.879     0.477        1.000     0.000     0.000
     0.761    -0.439     0.477        0.500     0.866     0.000

 **** CRYST TEXTURE (FIRST FEW LINES) ****
                                                                                
                                                                                
                                                                                
B 1                                                                             
 135.00   90.00  325.00   0.0010000                                             
 135.00   90.00  325.00   0.0010000                                             
 135.00   90.00  325.00   0.0010000                                             
 135.00   90.00  325.00   0.0010000                                             
 135.00   90.00  325.00   0.0010000                                             
 135.00   90.00  325.00   0.0010000                                             
    .........................
 **** END OF CRYST TEXTURE DATA FILE ****

IPH=  2  FIJPH     1.0000   0.0000   0.0000   0.0000   1.0000   0.0000   0.0000   0.0000   1.0000
         EIGNVAL   1.0000   1.0000   1.0000
         EIGNVEC   1.0000  -0.0000   0.0000   0.0000  -0.0000   1.0000   0.0000  -1.0000   0.0000

 UB ELASTIC STIFFNESS (VOIGT NOTATION)
  0.1433E+06  0.8782E+05  0.9277E+05 -0.4851E-13 -0.4521E-12  0.2440E+04
  0.8782E+05  0.1310E+06  0.1050E+06  0.3551E-12 -0.4851E-13  0.2440E+04
  0.9277E+05  0.9277E+05  0.1377E+06 -0.2533E-11 -0.1116E-12 -0.4215E+04
 -0.1574E-11  0.1783E-11 -0.3781E-11  0.4845E+05  0.3694E+04  0.8078E-12
 -0.2253E-11 -0.1574E-11 -0.5527E-12  0.3694E+04  0.4845E+05 -0.1002E-12
  0.2440E+04  0.2440E+04 -0.4215E+04  0.5568E-12 -0.4851E-13  0.5142E+05


  ELASTIC ESHELBY TENSOR (VOIGT NOTATION)
     0.46724     0.10070     0.08130    -0.00000     0.00000     0.00285
     0.13865     0.43014     0.20672     0.00000     0.00000     0.00293
     0.10797     0.19423     0.44703     0.00000    -0.00000    -0.01351
     0.00000     0.00000     0.00000     0.27089     0.01018     0.00000
     0.00000     0.00000    -0.00000     0.01057     0.27498     0.00000
    -0.00206    -0.00237    -0.01935     0.00000     0.00000     0.28192

SC ELASTIC STIFFNESS (VOIGT NOTATION)
  0.1355E+06  0.9270E+05  0.9111E+05 -0.1054E-11 -0.1318E-11  0.2176E+04
  0.9270E+05  0.1205E+06  0.1036E+06  0.2915E-13 -0.1030E-11  0.1265E+04
  0.9111E+05  0.1036E+06  0.1285E+06 -0.3204E-11 -0.6875E-12 -0.3050E+04
 -0.1054E-11  0.2915E-13 -0.3204E-11  0.4761E+05  0.4435E+04  0.6203E-12
 -0.1318E-11 -0.1030E-11 -0.6875E-12  0.4435E+04  0.4761E+05 -0.7303E-13
  0.2176E+04  0.1265E+04 -0.3050E+04  0.6203E-12 -0.7303E-13  0.5088E+05

SC ELASTIC COMPLIANCE (VOIGT NOTATION)
  0.1644E-04 -0.8477E-05 -0.4838E-05  0.1772E-22  0.9863E-22 -0.3912E-06
 -0.8477E-05  0.3159E-04 -0.1950E-04 -0.7636E-21  0.1537E-21 -0.7959E-06
 -0.4838E-05 -0.1950E-04  0.2698E-04  0.8603E-21 -0.1615E-21  0.1155E-05
  0.1772E-22 -0.7636E-21  0.8603E-21  0.5297E-05 -0.4935E-06 -0.3038E-22
  0.9863E-22  0.1537E-21 -0.1615E-21 -0.4935E-06  0.5297E-05  0.4759E-23
 -0.3912E-06 -0.7959E-06  0.1155E-05 -0.3038E-22  0.4759E-23  0.4966E-05

*** LOAD CONDITIONS FOR THIS RUN
50	3	0.01	298			nsteps	ictrl	eqincr	temp                                        
* boundary conditions                                                           
1	1	1		iudot	|	flag for vel.grad.                                               
1	1	1				|	(0:unknown-1:known)                                                  
1	1	1				|                                                                      
						|                                                                         
1	0	0		udot	|	vel.grad                                                          
0	0	0				|                                                                      
0	0	-1				|                                                                     
						|                                                                         
0	0	0		iscau	|	flag for Cauchy                                                  
	0	0				|                                                                       
		0				|                                                                        
						|                                                                         
0	0	0		scauchy	|	Cauchy stress                                                  
	0	0				|                                                                       
		0				|                                                                        

*******   STEP   1      *** NEFF=10 CALCULATION                
IPH=  0  FIJPH     1.0100   0.0000   0.0000   0.0000   1.0000   0.0000   0.0000   0.0000   0.9900
         EIGNVAL   1.0000   1.0100   0.9900
         EIGNVEC   0.0000  -1.0000   0.0000   1.0000  -0.0000   0.0000   0.0000  -0.0000   1.0000
IPH=  1  FIJPH     1.0175   0.0003   0.0000   0.0003   1.0000  -0.0002  -0.0000  -0.0002   0.9826
         EIGNVAL   1.0000   1.0175   0.9826
         EIGNVEC  -0.0154  -0.9999   0.0001   0.9998  -0.0154   0.0108  -0.0108   0.0003   0.9999
IPH=  2  FIJPH     1.0007  -0.0003  -0.0000  -0.0004   1.0000   0.0003   0.0000   0.0002   0.9993
         EIGNVAL   0.9999   1.0008   0.9992
         EIGNVEC   0.3983  -0.9134  -0.0844   0.8549   0.4030  -0.3268   0.3325   0.0580   0.9413

*******   STEP   2      *** NEFF=10 CALCULATION                
IPH=  0  FIJPH     1.0201   0.0000   0.0000   0.0000   1.0000   0.0000   0.0000   0.0000   0.9801
         EIGNVAL   1.0000   1.0201   0.9801
         EIGNVEC   0.0000  -1.0000   0.0000   1.0000  -0.0000   0.0000   0.0000  -0.0000   1.0000
IPH=  1  FIJPH     1.0352   0.0005   0.0000   0.0006   1.0000  -0.0004  -0.0000  -0.0003   0.9654
         EIGNVAL   1.0000   1.0352   0.9654
         EIGNVEC  -0.0154  -0.9999   0.0001   0.9998  -0.0154   0.0108  -0.0108   0.0003   0.9999
IPH=  2  FIJPH     1.0013  -0.0006  -0.0000  -0.0007   1.0000   0.0005   0.0000   0.0004   0.9987
         EIGNVAL   0.9999   1.0016   0.9985
         EIGNVEC   0.3978  -0.9136  -0.0843   0.8553   0.4025  -0.3263   0.3320   0.0577   0.9415

*******   STEP   3      *** NEFF=10 CALCULATION                
IPH=  0  FIJPH     1.0303   0.0000   0.0000   0.0000   1.0000   0.0000   0.0000   0.0000   0.9703
         EIGNVAL   1.0000   1.0303   0.9703
         EIGNVEC   0.0000  -1.0000   0.0000   1.0000  -0.0000   0.0000   0.0000  -0.0000   1.0000
IPH=  1  FIJPH     1.0533   0.0008   0.0000   0.0009   1.0000  -0.0006  -0.0001  -0.0005   0.9486
         EIGNVAL   1.0000   1.0533   0.9486
         EIGNVEC  -0.0154  -0.9999   0.0002   0.9998  -0.0154   0.0107  -0.0107   0.0003   0.9999
IPH=  2  FIJPH     1.0020  -0.0010  -0.0000  -0.0011   1.0000   0.0008   0.0001   0.0007   0.9980
         EIGNVAL   0.9998   1.0024   0.9977
         EIGNVEC   0.3972  -0.9139  -0.0841   0.8558   0.4019  -0.3257   0.3315   0.0574   0.9417

*******   STEP   4      *** NEFF=10 CALCULATION                
IPH=  0  FIJPH     1.0406   0.0000   0.0000   0.0000   1.0000   0.0000   0.0000   0.0000   0.9606
         EIGNVAL   1.0000   1.0406   0.9606
         EIGNVEC   0.0000  -1.0000   0.0000   1.0000  -0.0000   0.0000   0.0000  -0.0000   1.0000
IPH=  1  FIJPH     1.0716   0.0011   0.0000   0.0012   1.0000  -0.0008  -0.0001  -0.0007   0.9320
         EIGNVAL   1.0000   1.0717   0.9320
         EIGNVEC  -0.0155  -0.9999   0.0002   0.9998  -0.0155   0.0107  -0.0107   0.0003   0.9999
IPH=  2  FIJPH     1.0027  -0.0013  -0.0000  -0.0014   1.0000   0.0010   0.0001   0.0009   0.9973
         EIGNVAL   0.9998   1.0033   0.9970
         EIGNVEC   0.3966  -0.9141  -0.0840   0.8563   0.4014  -0.3250   0.3308   0.0570   0.9420

*******   STEP   5      *** NEFF=10 CALCULATION                
IPH=  0  FIJPH     1.0510   0.0000   0.0000   0.0000   1.0000   0.0000   0.0000   0.0000   0.9510
         EIGNVAL   1.0000   1.0510   0.9510
         EIGNVEC   0.0000  -1.0000   0.0000   1.0000  -0.0000   0.0000   0.0000  -0.0000   1.0000
IPH=  1  FIJPH     1.0903   0.0013   0.0000   0.0015   1.0000  -0.0010  -0.0001  -0.0008   0.9158
         EIGNVAL   0.9999   1.0904   0.9158
         EIGNVEC  -0.0155  -0.9999   0.0002   0.9998  -0.0155   0.0107  -0.0107   0.0003   0.9999
IPH=  2  FIJPH     1.0033  -0.0016  -0.0000  -0.0018   1.0001   0.0013   0.0001   0.0011   0.9966
         EIGNVAL   0.9997   1.0041   0.9962
         EIGNVEC   0.3960  -0.9144  -0.0838   0.8568   0.4008  -0.3243   0.3301   0.0566   0.9422

*******   STEP   6      *** NEFF=10 CALCULATION                
IPH=  0  FIJPH     1.0615   0.0000   0.0000   0.0000   1.0000   0.0000   0.0000   0.0000   0.9415
         EIGNVAL   1.0000   1.0615   0.9415
         EIGNVEC   0.0000  -1.0000   0.0000   1.0000  -0.0000   0.0000   0.0000  -0.0000   1.0000
IPH=  1  FIJPH     1.1093   0.0016   0.0000   0.0018   0.9999  -0.0012  -0.0001  -0.0010   0.8999
         EIGNVAL   0.9999   1.1094   0.8998
         EIGNVEC  -0.0156  -0.9999   0.0002   0.9998  -0.0156   0.0108  -0.0108   0.0004   0.9999
IPH=  2  FIJPH     1.0040  -0.0020  -0.0000  -0.0021   1.0001   0.0015   0.0001   0.0013   0.9959
         EIGNVAL   0.9997   1.0049   0.9954
         EIGNVEC   0.3954  -0.9147  -0.0836   0.8574   0.4002  -0.3235   0.3294   0.0562   0.9425

*******   STEP   7      *** NEFF=10 CALCULATION                
IPH=  0  FIJPH     1.0721   0.0000   0.0000   0.0000   1.0000   0.0000   0.0000   0.0000   0.9321
         EIGNVAL   1.0000   1.0721   0.9321
         EIGNVEC   0.0000  -1.0000   0.0000   1.0000  -0.0000   0.0000   0.0000  -0.0000   1.0000
IPH=  1  FIJPH     1.1286   0.0020   0.0000   0.0021   0.9999  -0.0014  -0.0001  -0.0011   0.8842
         EIGNVAL   0.9999   1.1287   0.8842
         EIGNVEC  -0.0158  -0.9999   0.0002   0.9998  -0.0158   0.0108  -0.0108   0.0004   0.9999
IPH=  2  FIJPH     1.0048  -0.0023  -0.0000  -0.0025   1.0001   0.0018   0.0002   0.0015   0.9952
         EIGNVAL   0.9996   1.0058   0.9946
         EIGNVEC   0.3948  -0.9150  -0.0835   0.8580   0.3996  -0.3226   0.3285   0.0557   0.9429

*******   STEP   8      *** NEFF=10 CALCULATION                
IPH=  0  FIJPH     1.0829   0.0000   0.0000   0.0000   1.0000   0.0000   0.0000   0.0000   0.9227
         EIGNVAL   1.0000   1.0829   0.9227
         EIGNVEC   0.0000  -1.0000   0.0000   1.0000  -0.0000   0.0000   0.0000  -0.0000   1.0000
IPH=  1  FIJPH     1.1483   0.0023   0.0000   0.0024   0.9999  -0.0016  -0.0002  -0.0013   0.8688
         EIGNVAL   0.9999   1.1483   0.8688
         EIGNVEC  -0.0159  -0.9999   0.0002   0.9998  -0.0159   0.0108  -0.0108   0.0004   0.9999
IPH=  2  FIJPH     1.0055  -0.0027  -0.0000  -0.0029   1.0001   0.0021   0.0002   0.0017   0.9945
         EIGNVAL   0.9995   1.0067   0.9938
         EIGNVEC   0.3941  -0.9153  -0.0833   0.8587   0.3990  -0.3216   0.3276   0.0552   0.9432

*******   STEP   9      *** NEFF=10 CALCULATION                
IPH=  0  FIJPH     1.0937   0.0000   0.0000   0.0000   1.0000   0.0000   0.0000   0.0000   0.9135
         EIGNVAL   1.0000   1.0937   0.9135
         EIGNVEC   0.0000  -1.0000   0.0000   1.0000  -0.0000   0.0000   0.0000  -0.0000   1.0000
IPH=  1  FIJPH     1.1682   0.0026   0.0000   0.0028   0.9999  -0.0018  -0.0002  -0.0014   0.8537
         EIGNVAL   0.9999   1.1683   0.8537
         EIGNVEC  -0.0161  -0.9999   0.0002   0.9998  -0.0161   0.0109  -0.0108   0.0004   0.9999
IPH=  2  FIJPH     1.0063  -0.0031  -0.0000  -0.0032   1.0001   0.0024   0.0002   0.0019   0.9937
         EIGNVAL   0.9995   1.0076   0.9930
         EIGNVEC   0.3934  -0.9156  -0.0831   0.8594   0.3984  -0.3206   0.3266   0.0547   0.9436

*******   STEP  10      *** NEFF=10 CALCULATION                
IPH=  0  FIJPH     1.1046   0.0000   0.0000   0.0000   1.0000   0.0000   0.0000   0.0000   0.9044
         EIGNVAL   1.0000   1.1046   0.9044
         EIGNVEC   0.0000  -1.0000   0.0000   1.0000  -0.0000   0.0000   0.0000  -0.0000   1.0000
IPH=  1  FIJPH     1.1885   0.0030   0.0000   0.0031   0.9999  -0.0020  -0.0002  -0.0016   0.8389
         EIGNVAL   0.9999   1.1886   0.8389
         EIGNVEC  -0.0162  -0.9999   0.0002   0.9998  -0.0162   0.0109  -0.0109   0.0004   0.9999
IPH=  2  FIJPH     1.0070  -0.0035  -0.0000  -0.0036   1.0001   0.0026   0.0002   0.0021   0.9929
         EIGNVAL   0.9994   1.0086   0.9921
         EIGNVEC   0.3927  -0.9159  -0.0829   0.8601   0.3977  -0.3195   0.3256   0.0541   0.9440

*******   STEP  11      *** NEFF=10 CALCULATION                
IPH=  0  FIJPH     1.1157   0.0000   0.0000   0.0000   1.0000   0.0000   0.0000   0.0000   0.8953
         EIGNVAL   1.0000   1.1157   0.8953
         EIGNVEC   0.0000  -1.0000   0.0000   1.0000  -0.0000   0.0000   0.0000  -0.0000   1.0000
IPH=  1  FIJPH     1.2091   0.0034   0.0000   0.0035   0.9999  -0.0022  -0.0002  -0.0017   0.8244
         EIGNVAL   0.9999   1.2092   0.8243
         EIGNVEC  -0.0164  -0.9999   0.0002   0.9998  -0.0164   0.0110  -0.0110   0.0004   0.9999
IPH=  2  FIJPH     1.0079  -0.0039  -0.0000  -0.0040   1.0001   0.0029   0.0003   0.0024   0.9921
         EIGNVAL   0.9993   1.0096   0.9912
         EIGNVEC   0.3920  -0.9162  -0.0827   0.8609   0.3970  -0.3182   0.3244   0.0535   0.9444

*******   STEP  12      *** NEFF=10 CALCULATION                
IPH=  0  FIJPH     1.1268   0.0000   0.0000   0.0000   1.0000   0.0000   0.0000   0.0000   0.8864
         EIGNVAL   1.0000   1.1268   0.8864
         EIGNVEC   0.0000  -1.0000   0.0000   1.0000  -0.0000   0.0000   0.0000  -0.0000   1.0000
IPH=  1  FIJPH     1.2301   0.0038   0.0000   0.0039   0.9999  -0.0024  -0.0002  -0.0019   0.8101
         EIGNVAL   0.9999   1.2301   0.8101
         EIGNVEC  -0.0167  -0.9999   0.0002   0.9998  -0.0167   0.0110  -0.0110   0.0004   0.9999
IPH=  2  FIJPH     1.0087  -0.0043  -0.0000  -0.0044   1.0001   0.0032   0.0003   0.0026   0.9913
         EIGNVAL   0.9992   1.0106   0.9903
         EIGNVEC   0.3912  -0.9166  -0.0825   0.8617   0.3963  -0.3169   0.3232   0.0529   0.9449

*******   STEP  13      *** NEFF=10 CALCULATION                
IPH=  0  FIJPH     1.1381   0.0000   0.0000   0.0000   1.0000   0.0000   0.0000   0.0000   0.8775
         EIGNVAL   1.0000   1.1381   0.8775
         EIGNVEC   0.0000  -1.0000   0.0000   1.0000  -0.0000   0.0000   0.0000  -0.0000   1.0000
IPH=  1  FIJPH     1.2513   0.0042   0.0000   0.0043   0.9999  -0.0026  -0.0003  -0.0020   0.7961
         EIGNVAL   0.9999   1.2514   0.7960
         EIGNVEC  -0.0169  -0.9999   0.0002   0.9998  -0.0169   0.0111  -0.0111   0.0004   0.9999
IPH=  2  FIJPH     1.0096  -0.0047  -0.0000  -0.0049   1.0001   0.0035   0.0003   0.0028   0.9904
         EIGNVAL   0.9991   1.0116   0.9894
         EIGNVEC   0.3904  -0.9169  -0.0823   0.8625   0.3956  -0.3155   0.3219   0.0522   0.9453

*******   STEP  14      *** NEFF=10 CALCULATION                
IPH=  0  FIJPH     1.1495   0.0000   0.0000   0.0000   1.0000   0.0000   0.0000   0.0000   0.8687
         EIGNVAL   1.0000   1.1495   0.8687
         EIGNVEC   0.0000  -1.0000   0.0000   1.0000  -0.0000   0.0000   0.0000  -0.0000   1.0000
IPH=  1  FIJPH     1.2729   0.0047  -0.0000   0.0047   0.9999  -0.0028  -0.0003  -0.0022   0.7823
         EIGNVAL   0.9999   1.2730   0.7823
         EIGNVEC  -0.0172  -0.9999   0.0003   0.9998  -0.0172   0.0112  -0.0112   0.0005   0.9999
IPH=  2  FIJPH     1.0105  -0.0052  -0.0000  -0.0053   1.0001   0.0039   0.0003   0.0030   0.9895
         EIGNVAL   0.9990   1.0127   0.9884
         EIGNVEC   0.3896  -0.9173  -0.0820   0.8634   0.3948  -0.3140   0.3204   0.0515   0.9459

*******   STEP  15      *** NEFF=10 CALCULATION                
IPH=  0  FIJPH     1.1610   0.0000   0.0000   0.0000   1.0000   0.0000   0.0000   0.0000   0.8601
         EIGNVAL   1.0000   1.1610   0.8601
         EIGNVEC   0.0000  -1.0000   0.0000   1.0000  -0.0000   0.0000   0.0000  -0.0000   1.0000
IPH=  1  FIJPH     1.2949   0.0051  -0.0000   0.0052   0.9999  -0.0030  -0.0003  -0.0023   0.7689
         EIGNVAL   0.9999   1.2950   0.7688
         EIGNVEC  -0.0175  -0.9998   0.0003   0.9998  -0.0175   0.0113  -0.0112   0.0005   0.9999
IPH=  2  FIJPH     1.0115  -0.0057   0.0000  -0.0057   1.0001   0.0042   0.0004   0.0032   0.9886
         EIGNVAL   0.9989   1.0139   0.9874
         EIGNVEC   0.3888  -0.9177  -0.0818   0.8644   0.3940  -0.3124   0.3189   0.0508   0.9464

*******   STEP  16      *** NEFF=10 CALCULATION                
IPH=  0  FIJPH     1.1726   0.0000   0.0000   0.0000   1.0000   0.0000   0.0000   0.0000   0.8515
         EIGNVAL   1.0000   1.1726   0.8515
         EIGNVEC   0.0000  -1.0000   0.0000   1.0000  -0.0000   0.0000   0.0000  -0.0000   1.0000
IPH=  1  FIJPH     1.3171   0.0056  -0.0000   0.0056   0.9999  -0.0032  -0.0003  -0.0024   0.7556
         EIGNVAL   0.9999   1.3172   0.7556
         EIGNVEC  -0.0178  -0.9998   0.0003   0.9998  -0.0178   0.0113  -0.0113   0.0005   0.9999
IPH=  2  FIJPH     1.0125  -0.0062   0.0000  -0.0062   1.0001   0.0045   0.0004   0.0035   0.9876
         EIGNVAL   0.9988   1.0151   0.9863
         EIGNVEC   0.3879  -0.9181  -0.0815   0.8654   0.3932  -0.3107   0.3173   0.0500   0.9470

*******   STEP  17      *** NEFF=10 CALCULATION                
IPH=  0  FIJPH     1.1843   0.0000   0.0000   0.0000   1.0000   0.0000   0.0000   0.0000   0.8429
         EIGNVAL   1.0000   1.1843   0.8429
         EIGNVEC   0.0000  -1.0000   0.0000   1.0000  -0.0000   0.0000   0.0000  -0.0000   1.0000
IPH=  1  FIJPH     1.3397   0.0062  -0.0000   0.0061   0.9999  -0.0034  -0.0004  -0.0026   0.7427
         EIGNVAL   0.9999   1.3398   0.7426
         EIGNVEC  -0.0181  -0.9998   0.0003   0.9998  -0.0181   0.0114  -0.0114   0.0005   0.9999
IPH=  2  FIJPH     1.0135  -0.0068   0.0000  -0.0067   1.0001   0.0049   0.0004   0.0037   0.9866
         EIGNVAL   0.9986   1.0164   0.9852
         EIGNVEC   0.3870  -0.9185  -0.0812   0.8664   0.3923  -0.3089   0.3155   0.0492   0.9476

*******   STEP  18      *** NEFF=10 CALCULATION                
IPH=  0  FIJPH     1.1961   0.0000   0.0000   0.0000   1.0000   0.0000   0.0000   0.0000   0.8345
         EIGNVAL   1.0000   1.1961   0.8345
         EIGNVEC   0.0000  -1.0000   0.0000   1.0000  -0.0000   0.0000   0.0000  -0.0000   1.0000
IPH=  1  FIJPH     1.3626   0.0068  -0.0000   0.0066   1.0000  -0.0037  -0.0004  -0.0027   0.7300
         EIGNVAL   0.9999   1.3628   0.7299
         EIGNVEC  -0.0185  -0.9998   0.0003   0.9998  -0.0184   0.0115  -0.0115   0.0005   0.9999
IPH=  2  FIJPH     1.0146  -0.0073   0.0000  -0.0072   1.0001   0.0052   0.0005   0.0039   0.9856
         EIGNVAL   0.9985   1.0177   0.9841
         EIGNVEC   0.3861  -0.9189  -0.0809   0.8675   0.3915  -0.3069   0.3137   0.0483   0.9483

*******   STEP  19      *** NEFF=10 CALCULATION                
IPH=  0  FIJPH     1.2081   0.0000   0.0000   0.0000   1.0000   0.0000   0.0000   0.0000   0.8262
         EIGNVAL   1.0000   1.2081   0.8262
         EIGNVEC   0.0000  -1.0000   0.0000   1.0000  -0.0000   0.0000   0.0000  -0.0000   1.0000
IPH=  1  FIJPH     1.3859   0.0074  -0.0001   0.0072   1.0000  -0.0039  -0.0004  -0.0028   0.7175
         EIGNVAL   0.9999   1.3860   0.7175
         EIGNVEC  -0.0188  -0.9998   0.0003   0.9998  -0.0188   0.0116  -0.0116   0.0005   0.9999
IPH=  2  FIJPH     1.0158  -0.0079   0.0001  -0.0077   1.0001   0.0056   0.0005   0.0042   0.9844
         EIGNVAL   0.9984   1.0191   0.9828
         EIGNVEC   0.3851  -0.9194  -0.0806   0.8686   0.3906  -0.3049   0.3118   0.0474   0.9490

*******   STEP  20      *** NEFF=10 CALCULATION                
IPH=  0  FIJPH     1.2202   0.0000   0.0000   0.0000   1.0000   0.0000   0.0000   0.0000   0.8179
         EIGNVAL   1.0000   1.2202   0.8179
         EIGNVEC   0.0000  -1.0000   0.0000   1.0000  -0.0000   0.0000   0.0000  -0.0000   1.0000
IPH=  1  FIJPH     1.4095   0.0080  -0.0001   0.0077   1.0000  -0.0041  -0.0004  -0.0030   0.7053
         EIGNVAL   0.9999   1.4096   0.7052
         EIGNVEC  -0.0192  -0.9998   0.0003   0.9997  -0.0192   0.0117  -0.0117   0.0006   0.9999
IPH=  2  FIJPH     1.0170  -0.0085   0.0001  -0.0083   1.0001   0.0059   0.0005   0.0044   0.9833
         EIGNVAL   0.9982   1.0206   0.9816
         EIGNVEC   0.3841  -0.9198  -0.0802   0.8698   0.3896  -0.3027   0.3097   0.0465   0.9497

*******   STEP  21      *** NEFF=10 CALCULATION                
IPH=  0  FIJPH     1.2324   0.0000   0.0000   0.0000   1.0000   0.0000   0.0000   0.0000   0.8097
         EIGNVAL   1.0000   1.2324   0.8097
         EIGNVEC   0.0000  -1.0000   0.0000   1.0000  -0.0000   0.0000   0.0000  -0.0000   1.0000
IPH=  1  FIJPH     1.4334   0.0087  -0.0001   0.0083   1.0000  -0.0044  -0.0005  -0.0031   0.6933
         EIGNVAL   0.9999   1.4336   0.6933
         EIGNVEC  -0.0196  -0.9998   0.0003   0.9997  -0.0196   0.0118  -0.0117   0.0006   0.9999
IPH=  2  FIJPH     1.0183  -0.0092   0.0001  -0.0089   1.0001   0.0063   0.0006   0.0047   0.9821
         EIGNVAL   0.9980   1.0221   0.9803
         EIGNVEC   0.3831  -0.9203  -0.0798   0.8710   0.3887  -0.3004   0.3075   0.0456   0.9505

*******   STEP  22      *** NEFF=10 CALCULATION                
IPH=  0  FIJPH     1.2447   0.0000   0.0000   0.0000   1.0000   0.0000   0.0000   0.0000   0.8016
         EIGNVAL   1.0000   1.2447   0.8016
         EIGNVEC   0.0000  -1.0000   0.0000   1.0000  -0.0000   0.0000   0.0000  -0.0000   1.0000
IPH=  1  FIJPH     1.4577   0.0094  -0.0001   0.0090   1.0000  -0.0046  -0.0005  -0.0032   0.6816
         EIGNVAL   0.9999   1.4579   0.6815
         EIGNVEC  -0.0200  -0.9998   0.0004   0.9997  -0.0200   0.0118  -0.0118   0.0006   0.9999
IPH=  2  FIJPH     1.0197  -0.0099   0.0001  -0.0095   1.0000   0.0067   0.0006   0.0049   0.9808
         EIGNVAL   0.9978   1.0237   0.9789
         EIGNVEC   0.3821  -0.9207  -0.0794   0.8723   0.3877  -0.2980   0.3052   0.0446   0.9512

*******   STEP  23      *** NEFF=10 CALCULATION                
IPH=  0  FIJPH     1.2572   0.0000   0.0000   0.0000   1.0000   0.0000   0.0000   0.0000   0.7936
         EIGNVAL   1.0000   1.2572   0.7936
         EIGNVEC   0.0000  -1.0000   0.0000   1.0000  -0.0000   0.0000   0.0000  -0.0000   1.0000
IPH=  1  FIJPH     1.4823   0.0102  -0.0002   0.0096   1.0000  -0.0048  -0.0005  -0.0033   0.6701
         EIGNVAL   0.9999   1.4825   0.6700
         EIGNVEC  -0.0204  -0.9998   0.0004   0.9997  -0.0204   0.0119  -0.0119   0.0006   0.9999
IPH=  2  FIJPH     1.0211  -0.0106   0.0002  -0.0101   1.0000   0.0071   0.0006   0.0052   0.9794
         EIGNVAL   0.9976   1.0254   0.9775
         EIGNVEC   0.3810  -0.9212  -0.0790   0.8736   0.3866  -0.2955   0.3028   0.0436   0.9521

*******   STEP  24      *** NEFF=10 CALCULATION                
IPH=  0  FIJPH     1.2697   0.0000   0.0000   0.0000   1.0000   0.0000   0.0000   0.0000   0.7857
         EIGNVAL   1.0000   1.2697   0.7857
         EIGNVEC   0.0000  -1.0000   0.0000   1.0000  -0.0000   0.0000   0.0000  -0.0000   1.0000
IPH=  1  FIJPH     1.5072   0.0110  -0.0002   0.0103   1.0001  -0.0051  -0.0006  -0.0035   0.6588
         EIGNVAL   0.9999   1.5074   0.6587
         EIGNVEC  -0.0209  -0.9998   0.0004   0.9997  -0.0209   0.0120  -0.0120   0.0006   0.9999
IPH=  2  FIJPH     1.0226  -0.0114   0.0002  -0.0108   1.0000   0.0075   0.0007   0.0054   0.9780
         EIGNVAL   0.9974   1.0272   0.9760
         EIGNVEC   0.3799  -0.9217  -0.0786   0.8749   0.3856  -0.2929   0.3003   0.0425   0.9529

*******   STEP  25      *** NEFF=10 CALCULATION                
IPH=  0  FIJPH     1.2824   0.0000   0.0000   0.0000   1.0000   0.0000   0.0000   0.0000   0.7778
         EIGNVAL   1.0000   1.2824   0.7778
         EIGNVEC   0.0000  -1.0000   0.0000   1.0000  -0.0000   0.0000   0.0000  -0.0000   1.0000
IPH=  1  FIJPH     1.5324   0.0119  -0.0002   0.0110   1.0001  -0.0053  -0.0006  -0.0036   0.6477
         EIGNVAL   0.9999   1.5327   0.6477
         EIGNVEC  -0.0214  -0.9998   0.0004   0.9997  -0.0214   0.0121  -0.0121   0.0006   0.9999
IPH=  2  FIJPH     1.0242  -0.0122   0.0002  -0.0115   1.0000   0.0079   0.0007   0.0057   0.9766
         EIGNVAL   0.9972   1.0291   0.9744
         EIGNVEC   0.3788  -0.9222  -0.0781   0.8763   0.3845  -0.2901   0.2976   0.0415   0.9538

*******   STEP  26      *** NEFF=10 CALCULATION                
IPH=  0  FIJPH     1.2953   0.0000   0.0000   0.0000   1.0000   0.0000   0.0000   0.0000   0.7700
         EIGNVAL   1.0000   1.2953   0.7700
         EIGNVEC   0.0000  -1.0000   0.0000   1.0000  -0.0000   0.0000   0.0000  -0.0000   1.0000
IPH=  1  FIJPH     1.5580   0.0128  -0.0003   0.0118   1.0001  -0.0056  -0.0006  -0.0037   0.6369
         EIGNVAL   0.9999   1.5583   0.6368
         EIGNVEC  -0.0218  -0.9998   0.0004   0.9997  -0.0218   0.0122  -0.0122   0.0007   0.9999
IPH=  2  FIJPH     1.0258  -0.0130   0.0003  -0.0122   1.0000   0.0084   0.0007   0.0060   0.9750
         EIGNVAL   0.9969   1.0310   0.9728
         EIGNVEC   0.3776  -0.9227  -0.0776   0.8778   0.3834  -0.2873   0.2948   0.0404   0.9547

*******   STEP  27      *** NEFF=10 CALCULATION                
IPH=  0  FIJPH     1.3082   0.0000   0.0000   0.0000   1.0000   0.0000   0.0000   0.0000   0.7623
         EIGNVAL   1.0000   1.3082   0.7623
         EIGNVEC   0.0000  -1.0000   0.0000   1.0000  -0.0000   0.0000   0.0000  -0.0000   1.0000
IPH=  1  FIJPH     1.5840   0.0138  -0.0003   0.0126   1.0002  -0.0058  -0.0006  -0.0038   0.6263
         EIGNVAL   0.9999   1.5843   0.6262
         EIGNVEC  -0.0224  -0.9997   0.0004   0.9997  -0.0224   0.0122  -0.0122   0.0007   0.9999
IPH=  2  FIJPH     1.0276  -0.0139   0.0003  -0.0129   0.9999   0.0088   0.0008   0.0062   0.9734
         EIGNVAL   0.9967   1.0331   0.9712
         EIGNVEC   0.3765  -0.9232  -0.0771   0.8792   0.3823  -0.2844   0.2920   0.0393   0.9556

*******   STEP  28      *** NEFF=10 CALCULATION                
IPH=  0  FIJPH     1.3213   0.0000   0.0000   0.0000   1.0000   0.0000   0.0000   0.0000   0.7547
         EIGNVAL   1.0000   1.3213   0.7547
         EIGNVEC   0.0000  -1.0000   0.0000   1.0000  -0.0000   0.0000   0.0000  -0.0000   1.0000
IPH=  1  FIJPH     1.6102   0.0148  -0.0003   0.0134   1.0002  -0.0060  -0.0007  -0.0039   0.6159
         EIGNVAL   1.0000   1.6105   0.6158
         EIGNVEC  -0.0229  -0.9997   0.0004   0.9997  -0.0229   0.0123  -0.0123   0.0007   0.9999
IPH=  2  FIJPH     1.0294  -0.0148   0.0004  -0.0137   0.9999   0.0092   0.0008   0.0065   0.9718
         EIGNVAL   0.9964   1.0353   0.9694
         EIGNVEC   0.3753  -0.9237  -0.0765   0.8807   0.3811  -0.2813   0.2890   0.0382   0.9566

*******   STEP  29      *** NEFF=10 CALCULATION                
IPH=  0  FIJPH     1.3345   0.0000   0.0000   0.0000   1.0000   0.0000   0.0000   0.0000   0.7472
         EIGNVAL   1.0000   1.3345   0.7472
         EIGNVEC   0.0000  -1.0000   0.0000   1.0000  -0.0000   0.0000   0.0000  -0.0000   1.0000
IPH=  1  FIJPH     1.6368   0.0159  -0.0004   0.0143   1.0003  -0.0063  -0.0007  -0.0040   0.6057
         EIGNVAL   1.0000   1.6372   0.6056
         EIGNVEC  -0.0234  -0.9997   0.0004   0.9996  -0.0234   0.0124  -0.0124   0.0007   0.9999
IPH=  2  FIJPH     1.0313  -0.0158   0.0004  -0.0145   0.9999   0.0097   0.0008   0.0067   0.9700
         EIGNVAL   0.9961   1.0375   0.9676
         EIGNVEC   0.3742  -0.9243  -0.0759   0.8822   0.3800  -0.2782   0.2860   0.0371   0.9575

*******   STEP  30      *** NEFF=10 CALCULATION                
IPH=  0  FIJPH     1.3478   0.0000   0.0000   0.0000   1.0000   0.0000   0.0000   0.0000   0.7397
         EIGNVAL   1.0000   1.3478   0.7397
         EIGNVEC   0.0000  -1.0000   0.0000   1.0000  -0.0000   0.0000   0.0000  -0.0000   1.0000
IPH=  1  FIJPH     1.6637   0.0170  -0.0005   0.0152   1.0003  -0.0065  -0.0007  -0.0041   0.5957
         EIGNVAL   1.0000   1.6641   0.5956
         EIGNVEC  -0.0239  -0.9997   0.0004   0.9996  -0.0239   0.0124  -0.0124   0.0007   0.9999
IPH=  2  FIJPH     1.0333  -0.0168   0.0005  -0.0154   0.9998   0.0101   0.0009   0.0070   0.9682
         EIGNVAL   0.9958   1.0399   0.9657
         EIGNVEC   0.3730  -0.9248  -0.0753   0.8837   0.3788  -0.2750   0.2828   0.0360   0.9585

*******   STEP  31      *** NEFF=10 CALCULATION                
IPH=  0  FIJPH     1.3613   0.0000   0.0000   0.0000   1.0000   0.0000   0.0000   0.0000   0.7323
         EIGNVAL   1.0000   1.3613   0.7323
         EIGNVEC   0.0000  -1.0000   0.0000   1.0000  -0.0000   0.0000   0.0000  -0.0000   1.0000
IPH=  1  FIJPH     1.6910   0.0182  -0.0005   0.0162   1.0004  -0.0068  -0.0007  -0.0042   0.5859
         EIGNVAL   1.0001   1.6914   0.5859
         EIGNVEC  -0.0245  -0.9997   0.0004   0.9996  -0.0245   0.0125  -0.0125   0.0007   0.9999
IPH=  2  FIJPH     1.0354  -0.0178   0.0006  -0.0163   0.9998   0.0105   0.0009   0.0073   0.9663
         EIGNVAL   0.9954   1.0423   0.9637
         EIGNVEC   0.3718  -0.9253  -0.0747   0.8852   0.3776  -0.2717   0.2796   0.0349   0.9595

*******   STEP  32      *** NEFF=10 CALCULATION                
IPH=  0  FIJPH     1.3749   0.0000   0.0000   0.0000   1.0000   0.0000   0.0000   0.0000   0.7250
         EIGNVAL   1.0000   1.3749   0.7250
         EIGNVEC   0.0000  -1.0000   0.0000   1.0000  -0.0000   0.0000   0.0000  -0.0000   1.0000
IPH=  1  FIJPH     1.7185   0.0194  -0.0006   0.0172   1.0005  -0.0070  -0.0008  -0.0043   0.5764
         EIGNVAL   1.0001   1.7190   0.5763
         EIGNVEC  -0.0251  -0.9997   0.0004   0.9996  -0.0251   0.0125  -0.0125   0.0007   0.9999
IPH=  2  FIJPH     1.0376  -0.0189   0.0006  -0.0172   0.9997   0.0110   0.0009   0.0075   0.9644
         EIGNVAL   0.9950   1.0449   0.9617
         EIGNVEC   0.3706  -0.9259  -0.0740   0.8868   0.3764  -0.2684   0.2763   0.0338   0.9605

*******   STEP  33      *** NEFF=10 CALCULATION                
IPH=  0  FIJPH     1.3887   0.0000   0.0000   0.0000   1.0000   0.0000   0.0000   0.0000   0.7177
         EIGNVAL   1.0000   1.3887   0.7177
         EIGNVEC   0.0000  -1.0000   0.0000   1.0000  -0.0000   0.0000   0.0000  -0.0000   1.0000
IPH=  1  FIJPH     1.7464   0.0208  -0.0006   0.0182   1.0006  -0.0073  -0.0008  -0.0044   0.5670
         EIGNVAL   1.0001   1.7470   0.5669
         EIGNVEC  -0.0256  -0.9997   0.0004   0.9996  -0.0256   0.0126  -0.0126   0.0008   0.9999
IPH=  2  FIJPH     1.0399  -0.0201   0.0007  -0.0181   0.9996   0.0115   0.0010   0.0078   0.9623
         EIGNVAL   0.9947   1.0476   0.9596
         EIGNVEC   0.3693  -0.9264  -0.0733   0.8883   0.3751  -0.2650   0.2729   0.0328   0.9615

*******   STEP  34      *** NEFF=10 CALCULATION                
IPH=  0  FIJPH     1.4026   0.0000   0.0000   0.0000   1.0000   0.0000   0.0000   0.0000   0.7106
         EIGNVAL   1.0000   1.4026   0.7106
         EIGNVEC   0.0000  -1.0000   0.0000   1.0000  -0.0000   0.0000   0.0000  -0.0000   1.0000
IPH=  1  FIJPH     1.7747   0.0222  -0.0007   0.0193   1.0006  -0.0075  -0.0008  -0.0045   0.5578
         EIGNVAL   1.0002   1.7752   0.5577
         EIGNVEC  -0.0262  -0.9997   0.0004   0.9996  -0.0262   0.0126  -0.0126   0.0008   0.9999
IPH=  2  FIJPH     1.0423  -0.0213   0.0008  -0.0191   0.9996   0.0119   0.0010   0.0080   0.9602
         EIGNVAL   0.9943   1.0504   0.9574
         EIGNVEC   0.3681  -0.9269  -0.0725   0.8899   0.3739  -0.2615   0.2695   0.0317   0.9625

*******   STEP  35      *** NEFF=10 CALCULATION                
IPH=  0  FIJPH     1.4166   0.0000   0.0000   0.0000   1.0000   0.0000   0.0000   0.0000   0.7034
         EIGNVAL   1.0000   1.4166   0.7034
         EIGNVEC   0.0000  -1.0000   0.0000   1.0000  -0.0000   0.0000   0.0000  -0.0000   1.0000
IPH=  1  FIJPH     1.8033   0.0236  -0.0008   0.0204   1.0007  -0.0078  -0.0008  -0.0046   0.5487
         EIGNVAL   1.0002   1.8039   0.5487
         EIGNVEC  -0.0268  -0.9996   0.0004   0.9996  -0.0268   0.0127  -0.0126   0.0008   0.9999
IPH=  2  FIJPH     1.0448  -0.0225   0.0009  -0.0201   0.9995   0.0124   0.0010   0.0083   0.9581
         EIGNVAL   0.9938   1.0533   0.9552
         EIGNVEC   0.3669  -0.9275  -0.0718   0.8914   0.3726  -0.2580   0.2661   0.0307   0.9635

*******   STEP  36      *** NEFF=10 CALCULATION                
IPH=  0  FIJPH     1.4308   0.0000   0.0000   0.0000   1.0000   0.0000   0.0000   0.0000   0.6964
         EIGNVAL   1.0000   1.4308   0.6964
         EIGNVEC   0.0000  -1.0000   0.0000   1.0000  -0.0000   0.0000   0.0000  -0.0000   1.0000
IPH=  1  FIJPH     1.8322   0.0251  -0.0009   0.0216   1.0008  -0.0080  -0.0008  -0.0047   0.5399
         EIGNVAL   1.0003   1.8328   0.5398
         EIGNVEC  -0.0274  -0.9996   0.0004   0.9995  -0.0274   0.0127  -0.0127   0.0008   0.9999
IPH=  2  FIJPH     1.0474  -0.0238   0.0010  -0.0211   0.9994   0.0128   0.0011   0.0085   0.9558
         EIGNVAL   0.9934   1.0563   0.9529
         EIGNVEC   0.3657  -0.9280  -0.0710   0.8930   0.3713  -0.2545   0.2625   0.0297   0.9645

*******   STEP  37      *** NEFF=10 CALCULATION                
IPH=  0  FIJPH     1.4451   0.0000   0.0000   0.0000   1.0000   0.0000   0.0000   0.0000   0.6894
         EIGNVAL   1.0000   1.4451   0.6894
         EIGNVEC   0.0000  -1.0000   0.0000   1.0000  -0.0000   0.0000   0.0000  -0.0000   1.0000
IPH=  1  FIJPH     1.8614   0.0267  -0.0009   0.0228   1.0009  -0.0083  -0.0009  -0.0048   0.5313
         EIGNVAL   1.0003   1.8621   0.5312
         EIGNVEC  -0.0280  -0.9996   0.0004   0.9995  -0.0280   0.0127  -0.0127   0.0008   0.9999
IPH=  2  FIJPH     1.0501  -0.0251   0.0010  -0.0222   0.9993   0.0133   0.0011   0.0087   0.9535
         EIGNVAL   0.9929   1.0595   0.9505
         EIGNVEC   0.3644  -0.9286  -0.0702   0.8945   0.3700  -0.2509   0.2590   0.0287   0.9655

*******   STEP  38      *** NEFF=10 CALCULATION                
IPH=  0  FIJPH     1.4595   0.0000   0.0000   0.0000   1.0000   0.0000   0.0000   0.0000   0.6826
         EIGNVAL   1.0000   1.4595   0.6826
         EIGNVEC   0.0000  -1.0000   0.0000   1.0000  -0.0000   0.0000   0.0000  -0.0000   1.0000
IPH=  1  FIJPH     1.8909   0.0284  -0.0010   0.0240   1.0011  -0.0085  -0.0009  -0.0048   0.5228
         EIGNVAL   1.0004   1.8917   0.5227
         EIGNVEC  -0.0286  -0.9996   0.0004   0.9995  -0.0286   0.0127  -0.0127   0.0008   0.9999
IPH=  2  FIJPH     1.0529  -0.0265   0.0011  -0.0233   0.9993   0.0138   0.0011   0.0090   0.9511
         EIGNVAL   0.9924   1.0628   0.9481
         EIGNVEC   0.3632  -0.9291  -0.0693   0.8960   0.3687  -0.2473   0.2554   0.0277   0.9664

*******   STEP  39      *** NEFF=10 CALCULATION                
IPH=  0  FIJPH     1.4741   0.0000   0.0000   0.0000   1.0000   0.0000   0.0000   0.0000   0.6757
         EIGNVAL   1.0000   1.4741   0.6757
         EIGNVEC   0.0000  -1.0000   0.0000   1.0000  -0.0000   0.0000   0.0000  -0.0000   1.0000
IPH=  1  FIJPH     1.9208   0.0301  -0.0011   0.0253   1.0012  -0.0087  -0.0009  -0.0049   0.5145
         EIGNVAL   1.0005   1.9217   0.5144
         EIGNVEC  -0.0293  -0.9996   0.0004   0.9995  -0.0292   0.0127  -0.0127   0.0008   0.9999
IPH=  2  FIJPH     1.0558  -0.0280   0.0012  -0.0244   0.9992   0.0142   0.0012   0.0092   0.9486
         EIGNVAL   0.9919   1.0661   0.9455
         EIGNVEC   0.3619  -0.9297  -0.0685   0.8976   0.3674  -0.2437   0.2517   0.0267   0.9674

*******   STEP  40      *** NEFF=10 CALCULATION                
IPH=  0  FIJPH     1.4889   0.0000   0.0000   0.0000   1.0000   0.0000   0.0000   0.0000   0.6690
         EIGNVAL   1.0000   1.4889   0.6690
         EIGNVEC   0.0000  -1.0000   0.0000   1.0000  -0.0000   0.0000   0.0000  -0.0000   1.0000
IPH=  1  FIJPH     1.9511   0.0319  -0.0012   0.0266   1.0013  -0.0090  -0.0009  -0.0050   0.5063
         EIGNVAL   1.0005   1.9520   0.5062
         EIGNVEC  -0.0299  -0.9996   0.0004   0.9995  -0.0299   0.0127  -0.0127   0.0008   0.9999
IPH=  2  FIJPH     1.0588  -0.0294   0.0013  -0.0256   0.9990   0.0147   0.0012   0.0094   0.9461
         EIGNVAL   0.9913   1.0696   0.9430
         EIGNVEC   0.3606  -0.9303  -0.0676   0.8991   0.3660  -0.2401   0.2481   0.0258   0.9684

*******   STEP  41      *** NEFF=10 CALCULATION                
IPH=  0  FIJPH     1.5038   0.0000   0.0000   0.0000   1.0000   0.0000   0.0000   0.0000   0.6623
         EIGNVAL   1.0000   1.5038   0.6623
         EIGNVEC   0.0000  -1.0000   0.0000   1.0000  -0.0000   0.0000   0.0000  -0.0000   1.0000
IPH=  1  FIJPH     1.9816   0.0337  -0.0013   0.0280   1.0015  -0.0092  -0.0009  -0.0050   0.4984
         EIGNVAL   1.0006   1.9826   0.4983
         EIGNVEC  -0.0305  -0.9995   0.0004   0.9995  -0.0305   0.0127  -0.0127   0.0008   0.9999
IPH=  2  FIJPH     1.0619  -0.0310   0.0014  -0.0268   0.9989   0.0151   0.0012   0.0096   0.9434
         EIGNVAL   0.9908   1.0733   0.9403
         EIGNVEC   0.3594  -0.9308  -0.0667   0.9006   0.3647  -0.2365   0.2445   0.0249   0.9693

*******   STEP  42      *** NEFF=10 CALCULATION                
IPH=  0  FIJPH     1.5188   0.0000   0.0000   0.0000   1.0000   0.0000   0.0000   0.0000   0.6557
         EIGNVAL   1.0000   1.5188   0.6557
         EIGNVEC   0.0000  -1.0000   0.0000   1.0000  -0.0000   0.0000   0.0000  -0.0000   1.0000
IPH=  1  FIJPH     2.0125   0.0357  -0.0014   0.0294   1.0016  -0.0094  -0.0009  -0.0051   0.4905
         EIGNVAL   1.0007   2.0135   0.4904
         EIGNVEC  -0.0311  -0.9995   0.0004   0.9994  -0.0311   0.0127  -0.0127   0.0008   0.9999
IPH=  2  FIJPH     1.0652  -0.0325   0.0016  -0.0280   0.9988   0.0156   0.0012   0.0099   0.9407
         EIGNVAL   0.9902   1.0770   0.9376
         EIGNVEC   0.3581  -0.9314  -0.0658   0.9021   0.3633  -0.2329   0.2408   0.0240   0.9703

*******   STEP  43      *** NEFF=10 CALCULATION                
IPH=  0  FIJPH     1.5340   0.0000   0.0000   0.0000   1.0000   0.0000   0.0000   0.0000   0.6491
         EIGNVAL   1.0000   1.5340   0.6491
         EIGNVEC   0.0000  -1.0000   0.0000   1.0000  -0.0000   0.0000   0.0000  -0.0000   1.0000
IPH=  1  FIJPH     2.0437   0.0377  -0.0015   0.0308   1.0018  -0.0096  -0.0009  -0.0051   0.4829
         EIGNVAL   1.0008   2.0448   0.4828
         EIGNVEC  -0.0317  -0.9995   0.0004   0.9994  -0.0317   0.0127  -0.0127   0.0008   0.9999
IPH=  2  FIJPH     1.0686  -0.0342   0.0017  -0.0292   0.9987   0.0160   0.0012   0.0101   0.9380
         EIGNVAL   0.9896   1.0809   0.9348
         EIGNVEC   0.3568  -0.9319  -0.0648   0.9036   0.3619  -0.2293   0.2371   0.0232   0.9712

*******   STEP  44      *** NEFF=10 CALCULATION                
IPH=  0  FIJPH     1.5493   0.0000   0.0000   0.0000   1.0000   0.0000   0.0000   0.0000   0.6426
         EIGNVAL   1.0000   1.5493   0.6426
         EIGNVEC   0.0000  -1.0000   0.0000   1.0000  -0.0000   0.0000   0.0000  -0.0000   1.0000
IPH=  1  FIJPH     2.0753   0.0397  -0.0016   0.0323   1.0020  -0.0098  -0.0009  -0.0052   0.4753
         EIGNVAL   1.0009   2.0765   0.4752
         EIGNVEC  -0.0323  -0.9995   0.0004   0.9994  -0.0323   0.0126  -0.0126   0.0008   0.9999
IPH=  2  FIJPH     1.0720  -0.0359   0.0018  -0.0305   0.9985   0.0165   0.0013   0.0103   0.9352
         EIGNVAL   0.9889   1.0849   0.9319
         EIGNVEC   0.3555  -0.9325  -0.0639   0.9051   0.3605  -0.2257   0.2335   0.0224   0.9721

*******   STEP  45      *** NEFF=10 CALCULATION                
IPH=  0  FIJPH     1.5648   0.0000   0.0000   0.0000   1.0000   0.0000   0.0000   0.0000   0.6362
         EIGNVAL   1.0000   1.5648   0.6362
         EIGNVEC   0.0000  -1.0000   0.0000   1.0000  -0.0000   0.0000   0.0000  -0.0000   1.0000
IPH=  1  FIJPH     2.1072   0.0419  -0.0017   0.0338   1.0022  -0.0101  -0.0009  -0.0052   0.4680
         EIGNVAL   1.0010   2.1085   0.4679
         EIGNVEC  -0.0329  -0.9995   0.0003   0.9994  -0.0329   0.0126  -0.0126   0.0007   0.9999
IPH=  2  FIJPH     1.0756  -0.0376   0.0019  -0.0318   0.9984   0.0169   0.0013   0.0104   0.9323
         EIGNVAL   0.9883   1.0890   0.9290
         EIGNVEC   0.3542  -0.9331  -0.0629   0.9065   0.3591  -0.2221   0.2298   0.0216   0.9730

*******   STEP  46      *** NEFF=10 CALCULATION                
IPH=  0  FIJPH     1.5805   0.0000   0.0000   0.0000   1.0000   0.0000   0.0000   0.0000   0.6298
         EIGNVAL   1.0000   1.5805   0.6298
         EIGNVEC   0.0000  -1.0000   0.0000   1.0000  -0.0000   0.0000   0.0000  -0.0000   1.0000
IPH=  1  FIJPH     2.1394   0.0441  -0.0018   0.0354   1.0024  -0.0103  -0.0009  -0.0053   0.4608
         EIGNVAL   1.0011   2.1408   0.4606
         EIGNVEC  -0.0335  -0.9994   0.0003   0.9994  -0.0335   0.0126  -0.0126   0.0007   0.9999
IPH=  2  FIJPH     1.0793  -0.0394   0.0020  -0.0331   0.9982   0.0174   0.0013   0.0106   0.9293
         EIGNVAL   0.9876   1.0932   0.9260
         EIGNVEC   0.3529  -0.9336  -0.0619   0.9079   0.3576  -0.2185   0.2262   0.0209   0.9739

*******   STEP  47      *** NEFF=10 CALCULATION                
IPH=  0  FIJPH     1.5963   0.0000   0.0000   0.0000   1.0000   0.0000   0.0000   0.0000   0.6235
         EIGNVAL   1.0000   1.5963   0.6235
         EIGNVEC   0.0000  -1.0000   0.0000   1.0000  -0.0000   0.0000   0.0000  -0.0000   1.0000
IPH=  1  FIJPH     2.1719   0.0464  -0.0019   0.0369   1.0026  -0.0105  -0.0009  -0.0053   0.4537
         EIGNVAL   1.0012   2.1734   0.4536
         EIGNVEC  -0.0341  -0.9994   0.0003   0.9993  -0.0341   0.0125  -0.0125   0.0007   0.9999
IPH=  2  FIJPH     1.0831  -0.0412   0.0021  -0.0345   0.9980   0.0178   0.0013   0.0108   0.9263
         EIGNVAL   0.9869   1.0976   0.9230
         EIGNVEC   0.3515  -0.9342  -0.0609   0.9093   0.3562  -0.2150   0.2225   0.0202   0.9747

*******   STEP  48      *** NEFF=10 CALCULATION                
IPH=  0  FIJPH     1.6122   0.0000   0.0000   0.0000   1.0000   0.0000   0.0000   0.0000   0.6173
         EIGNVAL   1.0000   1.6122   0.6173
         EIGNVEC   0.0000  -1.0000   0.0000   1.0000  -0.0000   0.0000   0.0000  -0.0000   1.0000
IPH=  1  FIJPH     2.2049   0.0487  -0.0020   0.0386   1.0028  -0.0107  -0.0008  -0.0053   0.4467
         EIGNVAL   1.0014   2.2065   0.4466
         EIGNVEC  -0.0347  -0.9994   0.0003   0.9993  -0.0347   0.0125  -0.0125   0.0007   0.9999
IPH=  2  FIJPH     1.0871  -0.0431   0.0022  -0.0358   0.9979   0.0182   0.0013   0.0110   0.9232
         EIGNVAL   0.9862   1.1021   0.9199
         EIGNVEC   0.3502  -0.9348  -0.0599   0.9107   0.3547  -0.2115   0.2189   0.0195   0.9755

*******   STEP  49      *** NEFF=10 CALCULATION                
IPH=  0  FIJPH     1.6283   0.0000   0.0000   0.0000   1.0000   0.0000   0.0000   0.0000   0.6111
         EIGNVAL   1.0000   1.6283   0.6111
         EIGNVEC   0.0000  -1.0000   0.0000   1.0000  -0.0000   0.0000   0.0000  -0.0000   1.0000
IPH=  1  FIJPH     2.2381   0.0511  -0.0021   0.0402   1.0031  -0.0109  -0.0008  -0.0053   0.4399
         EIGNVAL   1.0015   2.2398   0.4398
         EIGNVEC  -0.0352  -0.9994   0.0003   0.9993  -0.0352   0.0124  -0.0124   0.0007   0.9999
IPH=  2  FIJPH     1.0911  -0.0450   0.0023  -0.0372   0.9977   0.0187   0.0013   0.0111   0.9200
         EIGNVAL   0.9854   1.1067   0.9167
         EIGNVEC   0.3488  -0.9353  -0.0589   0.9121   0.3533  -0.2080   0.2153   0.0188   0.9764

*******   STEP  50      *** NEFF=10 CALCULATION                
IPH=  0  FIJPH     1.6446   0.0000   0.0000   0.0000   1.0000   0.0000   0.0000   0.0000   0.6050
         EIGNVAL   1.0000   1.6446   0.6050
         EIGNVEC   0.0000  -1.0000   0.0000   1.0000  -0.0000   0.0000   0.0000  -0.0000   1.0000
IPH=  1  FIJPH     2.2717   0.0536  -0.0022   0.0419   1.0033  -0.0110  -0.0008  -0.0054   0.4332
         EIGNVAL   1.0016   2.2735   0.4331
         EIGNVEC  -0.0358  -0.9994   0.0002   0.9993  -0.0358   0.0124  -0.0124   0.0007   0.9999
IPH=  2  FIJPH     1.0953  -0.0470   0.0025  -0.0386   0.9975   0.0191   0.0013   0.0113   0.9168
         EIGNVAL   0.9847   1.1114   0.9135
         EIGNVEC   0.3474  -0.9359  -0.0579   0.9135   0.3518  -0.2045   0.2117   0.0182   0.9772

*******   STEP  51      *** NEFF=10 CALCULATION                
  EULER ANGLES OF PHASE before rotation   1
    92.053     0.709     0.000
  ELLIPSOID AXES OF PHASE before rotatn   1
     1.002     2.274     0.433
IPH=  1  FIJPH     2.2717   0.0536  -0.0022   0.0419   1.0033  -0.0110  -0.0008  -0.0054   0.4332
         EIGNVAL   1.0016   2.2735   0.4331
         EIGNVEC  -0.0358  -0.9994   0.0002   0.9993  -0.0358   0.0124  -0.0124   0.0007   0.9999
  EULER ANGLES OF PHASE after rotation   1
    92.053     0.709     0.000
  ELLIPSOID AXES OF PHASE after rotatn   1
     1.002     2.274     0.433
  EULER ANGLES OF PHASE before rotation   2
   -15.802    12.270    85.092
  ELLIPSOID AXES OF PHASE before rotatn   2
     0.985     1.111     0.914
IPH=  2  FIJPH     1.0953  -0.0470   0.0025  -0.0386   0.9975   0.0191   0.0013   0.0113   0.9168
         EIGNVAL   0.9847   1.1114   0.9135
         EIGNVEC   0.3474  -0.9359  -0.0579   0.9135   0.3518  -0.2045   0.2117   0.0182   0.9772
  EULER ANGLES OF PHASE after rotation   2
   -15.802    12.270    85.092
  ELLIPSOID AXES OF PHASE after rotatn   2
     0.985     1.111     0.914
