  0.00    1      1.000   1.000   1.000      1.000   0.000   0.000
  0.01    1      1.000   1.017   0.983      0.000   1.000   0.000
  0.02    1      1.000   1.035   0.965      0.000   1.000   0.000
  0.03    1      1.000   1.053   0.949      0.000   1.000   0.000
  0.04    1      1.000   1.072   0.932      0.000   1.000   0.000
  0.05    1      1.000   1.090   0.916      0.000   1.000   0.000
  0.06    1      1.000   1.109   0.900      0.000   1.000   0.000
  0.07    1      1.000   1.129   0.884      0.000   1.000   0.000
  0.08    1      1.000   1.148   0.869      0.000   1.000   0.000
  0.09    1      1.000   1.168   0.854      0.000   1.000   0.000
  0.10    1      1.000   1.189   0.839      0.000   1.000   0.000
  0.11    1      1.000   1.209   0.824      0.000   1.000   0.000
  0.12    1      1.000   1.230   0.810      0.000   1.000   0.000
  0.13    1      1.000   1.251   0.796      0.000   1.000   0.000
  0.14    1      1.000   1.273   0.782      0.000   1.000   0.000
  0.15    1      1.000   1.295   0.769      0.000   1.000   0.000
  0.16    1      1.000   1.317   0.756      0.000   1.000   0.000
  0.17    1      1.000   1.340   0.743      0.000   1.000   0.000
  0.18    1      1.000   1.363   0.730      0.000   1.000   0.000
  0.19    1      1.000   1.386   0.717      0.000   1.000   0.000
  0.20    1      1.000   1.410   0.705      0.000   0.999   0.000
  0.21    1      1.000   1.434   0.693      0.000   0.999   0.000
  0.22    1      1.000   1.458   0.682      0.000   0.999   0.000
  0.23    1      1.000   1.482   0.670      0.000   0.999   0.000
  0.24    1      1.000   1.507   0.659      0.000   0.999   0.000
  0.25    1      1.000   1.533   0.648      0.000   0.999   0.000
  0.26    1      1.000   1.558   0.637      0.000   0.999   0.000
  0.27    1      1.000   1.584   0.626      0.000   0.999   0.000
  0.28    1      1.000   1.611   0.616      0.001   0.999   0.000
  0.29    1      1.000   1.637   0.606      0.001   0.999   0.000
  0.30    1      1.000   1.664   0.596      0.001   0.999   0.000
  0.31    1      1.000   1.691   0.586      0.001   0.999   0.000
  0.32    1      1.000   1.719   0.576      0.001   0.999   0.000
  0.33    1      1.000   1.747   0.567      0.001   0.999   0.000
  0.34    1      1.000   1.775   0.558      0.001   0.999   0.000
  0.35    1      1.000   1.804   0.549      0.001   0.999   0.000
  0.36    1      1.000   1.833   0.540      0.001   0.999   0.000
  0.37    1      1.000   1.862   0.531      0.001   0.999   0.000
  0.38    1      1.000   1.892   0.523      0.001   0.999   0.000
  0.39    1      1.000   1.922   0.514      0.001   0.999   0.000
  0.40    1      1.001   1.952   0.506      0.001   0.999   0.000
  0.41    1      1.001   1.983   0.498      0.001   0.999   0.000
  0.42    1      1.001   2.014   0.490      0.001   0.999   0.000
  0.43    1      1.001   2.045   0.483      0.001   0.999   0.000
  0.44    1      1.001   2.076   0.475      0.001   0.999   0.000
  0.45    1      1.001   2.108   0.468      0.001   0.999   0.000
  0.46    1      1.001   2.141   0.461      0.001   0.999   0.000
  0.47    1      1.001   2.173   0.454      0.001   0.999   0.000
  0.48    1      1.001   2.206   0.447      0.001   0.999   0.000
  0.49    1      1.001   2.240   0.440      0.001   0.999   0.000
  0.50    1      1.002   2.274   0.433      0.001   0.999   0.000
