    epsacu     sdev1     sdev2     sdev3     sdev4     sdev5     ddev1     ddev2     ddev3     ddev4     ddev5
     0.000     0.131     0.119     0.086     0.082     0.129     0.749     0.625     0.445     0.428     0.734
     0.000     0.131     0.120     0.095     0.074     0.130     0.730     0.618     0.484     0.373     0.720
     0.000     0.131     0.124     0.106     0.066     0.129     0.712     0.613     0.526     0.320     0.698
     0.000     0.127     0.132     0.116     0.058     0.125     0.722     0.636     0.588     0.280     0.694
     0.000     0.123     0.142     0.127     0.050     0.121     0.727     0.647     0.638     0.239     0.679
     0.000     0.120     0.153     0.138     0.044     0.116     0.716     0.634     0.665     0.198     0.642
     0.000     0.119     0.167     0.152     0.040     0.110     0.682     0.589     0.662     0.163     0.576
     0.000     0.121     0.186     0.174     0.048     0.104     0.607     0.492     0.611     0.156     0.462
     0.000     0.154     0.212     0.239     0.118     0.094     0.487     0.300     0.477     0.216     0.255
     0.000     0.278     0.266     0.354     0.369     0.078     0.459     0.169     0.324     0.335     0.112
     0.000     0.155     0.181     0.105     0.226     0.091     0.540     0.277     0.212     0.488     0.269
     0.000     0.136     0.152     0.064     0.174     0.102     0.615     0.386     0.190     0.555     0.400
     0.000     0.132     0.142     0.058     0.150     0.109     0.669     0.468     0.207     0.581     0.492
     0.000     0.134     0.138     0.061     0.136     0.116     0.696     0.525     0.240     0.577     0.552
     0.000     0.137     0.137     0.068     0.126     0.124     0.689     0.562     0.277     0.549     0.583
     0.000     0.141     0.137     0.077     0.119     0.131     0.658     0.578     0.315     0.507     0.591
     0.000     0.142     0.137     0.087     0.112     0.135     0.641     0.590     0.357     0.473     0.601
     0.000     0.141     0.137     0.096     0.105     0.137     0.636     0.602     0.399     0.445     0.613
     0.000     0.139     0.137     0.102     0.099     0.137     0.634     0.614     0.435     0.420     0.622
     0.000     0.140     0.139     0.110     0.093     0.138     0.617     0.606     0.455     0.384     0.608
     0.000     0.141     0.142     0.118     0.086     0.138     0.600     0.593     0.476     0.340     0.587
     0.000     0.141     0.146     0.127     0.077     0.136     0.598     0.583     0.502     0.295     0.568
     0.000     0.136     0.149     0.134     0.067     0.129     0.623     0.579     0.545     0.257     0.563
     0.000     0.131     0.153     0.143     0.059     0.121     0.635     0.556     0.578     0.221     0.539
     0.000     0.128     0.162     0.157     0.056     0.113     0.610     0.507     0.584     0.191     0.484
     0.000     0.130     0.177     0.182     0.064     0.105     0.557     0.426     0.557     0.180     0.394
     0.000     0.154     0.211     0.240     0.119     0.094     0.486     0.298     0.476     0.217     0.253
     0.000     0.278     0.266     0.354     0.369     0.078     0.459     0.169     0.324     0.335     0.112
     0.000     0.152     0.183     0.101     0.224     0.091     0.546     0.284     0.208     0.496     0.278
     0.000     0.124     0.162     0.049     0.167     0.100     0.676     0.459     0.170     0.622     0.479
     0.000     0.122     0.149     0.044     0.146     0.107     0.758     0.561     0.192     0.674     0.597
     0.000     0.122     0.140     0.048     0.132     0.112     0.796     0.619     0.234     0.681     0.671
     0.000     0.123     0.133     0.055     0.121     0.116     0.809     0.648     0.281     0.658     0.716
     0.000     0.126     0.127     0.062     0.111     0.121     0.800     0.650     0.323     0.610     0.735
     0.000     0.129     0.121     0.069     0.102     0.125     0.772     0.631     0.359     0.542     0.732
     0.000     0.131     0.119     0.078     0.092     0.128     0.756     0.623     0.401     0.480     0.733
    epsacu     sdev1     sdev2     sdev3     sdev4     sdev5     ddev1     ddev2     ddev3     ddev4     ddev5
     0.000     0.131     0.119     0.090     0.078     0.129     0.742     0.623     0.464     0.402     0.730
     0.010     0.128     0.112     0.089     0.078     0.126     0.428     0.392     0.284     0.249     0.422
     0.020     0.127     0.105     0.088     0.077     0.125     0.463     0.401     0.310     0.271     0.457
     0.030     0.125     0.100     0.087     0.076     0.124     0.494     0.410     0.335     0.292     0.489
     0.040     0.124     0.093     0.086     0.075     0.123     0.516     0.404     0.352     0.307     0.510
     0.050     0.123     0.086     0.085     0.074     0.122     0.527     0.386     0.362     0.315     0.522
     0.060     0.122     0.078     0.083     0.073     0.121     0.531     0.357     0.364     0.316     0.526
     0.070     0.122     0.070     0.082     0.072     0.121     0.529     0.325     0.359     0.314     0.525
     0.080     0.122     0.065     0.080     0.070     0.121     0.523     0.302     0.352     0.309     0.519
     0.090     0.122     0.060     0.078     0.069     0.121     0.516     0.281     0.344     0.301     0.512
     0.100     0.123     0.057     0.076     0.067     0.122     0.506     0.262     0.334     0.294     0.502
     0.110     0.123     0.054     0.074     0.066     0.122     0.496     0.247     0.324     0.287     0.493
     0.120     0.124     0.053     0.073     0.065     0.123     0.487     0.242     0.315     0.280     0.484
     0.130     0.124     0.054     0.071     0.064     0.123     0.479     0.245     0.308     0.275     0.476
     0.140     0.124     0.054     0.070     0.063     0.123     0.471     0.246     0.299     0.271     0.468
     0.150     0.125     0.055     0.068     0.062     0.124     0.464     0.247     0.292     0.266     0.461
    epsacu     sdev1     sdev2     sdev3     sdev4     sdev5     ddev1     ddev2     ddev3     ddev4     ddev5
     0.150     0.125     0.055     0.067     0.063     0.124     0.464     0.247     0.288     0.270     0.461
     0.150     0.125     0.056     0.074     0.058     0.124     0.455     0.249     0.313     0.244     0.453
     0.150     0.128     0.061     0.085     0.057     0.127     0.432     0.253     0.333     0.221     0.426
     0.150     0.135     0.069     0.102     0.060     0.130     0.411     0.259     0.359     0.206     0.389
     0.150     0.147     0.077     0.125     0.063     0.131     0.425     0.261     0.410     0.198     0.365
     0.150     0.155     0.083     0.146     0.064     0.128     0.470     0.261     0.484     0.196     0.362
     0.150     0.159     0.093     0.168     0.069     0.124     0.501     0.267     0.545     0.205     0.354
     0.150     0.162     0.116     0.197     0.085     0.118     0.502     0.276     0.574     0.228     0.322
     0.150     0.176     0.170     0.252     0.136     0.108     0.461     0.274     0.547     0.275     0.242
     0.150     0.247     0.248     0.336     0.327     0.075     0.389     0.226     0.401     0.390     0.100
     0.150     0.223     0.192     0.191     0.220     0.105     0.447     0.283     0.319     0.391     0.173
     0.150     0.210     0.151     0.148     0.144     0.119     0.500     0.325     0.327     0.341     0.239
     0.150     0.204     0.137     0.139     0.111     0.130     0.529     0.368     0.360     0.304     0.294
     0.150     0.201     0.136     0.140     0.105     0.143     0.527     0.420     0.400     0.306     0.337
     0.150     0.192     0.141     0.146     0.124     0.156     0.485     0.477     0.447     0.359     0.369
     0.150     0.168     0.137     0.141     0.138     0.155     0.464     0.511     0.485     0.434     0.414
     0.150     0.157     0.131     0.135     0.136     0.152     0.484     0.524     0.504     0.481     0.461
     0.150     0.153     0.128     0.132     0.134     0.151     0.499     0.532     0.513     0.510     0.490
     0.150     0.151     0.127     0.130     0.133     0.150     0.505     0.536     0.512     0.523     0.501
     0.150     0.152     0.128     0.132     0.134     0.151     0.496     0.532     0.501     0.526     0.492
     0.150     0.155     0.130     0.134     0.138     0.152     0.477     0.523     0.476     0.518     0.464
     0.150     0.166     0.137     0.138     0.145     0.157     0.453     0.509     0.434     0.499     0.418
     0.150     0.190     0.140     0.126     0.149     0.157     0.476     0.473     0.367     0.458     0.374
     0.150     0.197     0.135     0.110     0.142     0.144     0.518     0.416     0.326     0.409     0.343
     0.150     0.197     0.137     0.116     0.139     0.131     0.517     0.368     0.327     0.367     0.302
     0.150     0.201     0.151     0.147     0.148     0.120     0.485     0.328     0.355     0.333     0.248
     0.150     0.212     0.190     0.216     0.191     0.107     0.432     0.287     0.394     0.324     0.182
     0.150     0.245     0.247     0.321     0.342     0.077     0.387     0.224     0.385     0.405     0.104
     0.150     0.181     0.158     0.134     0.252     0.106     0.478     0.253     0.271     0.545     0.239
     0.150     0.165     0.105     0.085     0.193     0.115     0.514     0.253     0.228     0.563     0.314
     0.150     0.159     0.085     0.069     0.163     0.120     0.510     0.249     0.209     0.530     0.346
     0.150     0.154     0.077     0.064     0.139     0.124     0.482     0.252     0.202     0.471     0.359
     0.150     0.146     0.073     0.064     0.118     0.126     0.441     0.257     0.207     0.399     0.366
     0.150     0.135     0.067     0.062     0.097     0.126     0.426     0.257     0.218     0.347     0.389
     0.150     0.129     0.060     0.061     0.081     0.125     0.441     0.253     0.237     0.318     0.424
     0.150     0.125     0.056     0.062     0.070     0.124     0.460     0.249     0.261     0.296     0.452
    epsacu     sdev1     sdev2     sdev3     sdev4     sdev5     ddev1     ddev2     ddev3     ddev4     ddev5
     0.150     0.125     0.055     0.068     0.062     0.124     0.463     0.247     0.291     0.266     0.460
     0.160     0.125     0.056     0.066     0.062     0.124     0.457     0.252     0.285     0.263     0.454
     0.170     0.125     0.056     0.065     0.061     0.124     0.450     0.254     0.279     0.260     0.448
     0.180     0.125     0.056     0.063     0.060     0.124     0.444     0.253     0.273     0.257     0.442
     0.190     0.125     0.056     0.062     0.059     0.124     0.439     0.252     0.269     0.254     0.437
     0.200     0.125     0.056     0.061     0.058     0.125     0.434     0.253     0.266     0.251     0.433
     0.210     0.125     0.055     0.060     0.057     0.125     0.430     0.251     0.262     0.249     0.428
     0.220     0.126     0.055     0.059     0.056     0.125     0.426     0.251     0.260     0.248     0.424
     0.230     0.126     0.056     0.058     0.056     0.125     0.422     0.252     0.258     0.247     0.421
     0.240     0.126     0.056     0.057     0.055     0.126     0.419     0.253     0.257     0.247     0.417
     0.250     0.127     0.055     0.057     0.055     0.126     0.416     0.252     0.256     0.248     0.415
     0.260     0.127     0.055     0.056     0.055     0.126     0.414     0.252     0.256     0.248     0.412
     0.270     0.127     0.055     0.056     0.054     0.127     0.412     0.250     0.257     0.249     0.410
     0.280     0.128     0.056     0.055     0.054     0.127     0.410     0.255     0.259     0.251     0.408
     0.290     0.128     0.055     0.055     0.054     0.127     0.409     0.256     0.261     0.254     0.407
     0.300     0.128     0.055     0.055     0.054     0.127     0.407     0.257     0.263     0.256     0.405
    epsacu     sdev1     sdev2     sdev3     sdev4     sdev5     ddev1     ddev2     ddev3     ddev4     ddev5
     0.300     0.128     0.055     0.055     0.054     0.128     0.407     0.257     0.263     0.256     0.405
     0.300     0.130     0.058     0.059     0.055     0.129     0.397     0.260     0.272     0.255     0.395
     0.300     0.135     0.064     0.069     0.062     0.133     0.370     0.269     0.278     0.261     0.363
     0.300     0.155     0.076     0.086     0.079     0.143     0.342     0.274     0.278     0.276     0.311
     0.300     0.197     0.081     0.119     0.096     0.154     0.375     0.256     0.330     0.285     0.281
     0.300     0.207     0.083     0.149     0.097     0.152     0.433     0.250     0.445     0.291     0.291
     0.300     0.204     0.096     0.176     0.102     0.147     0.457     0.265     0.540     0.301     0.290
     0.300     0.198     0.123     0.209     0.116     0.139     0.442     0.292     0.599     0.318     0.266
     0.300     0.189     0.175     0.256     0.157     0.123     0.379     0.318     0.600     0.355     0.205
     0.300     0.189     0.229     0.282     0.251     0.081     0.290     0.312     0.483     0.435     0.100
     0.300     0.224     0.208     0.193     0.198     0.121     0.389     0.354     0.385     0.419     0.170
     0.300     0.239     0.164     0.144     0.130     0.149     0.495     0.384     0.371     0.354     0.257
     0.300     0.243     0.133     0.131     0.099     0.167     0.556     0.395     0.402     0.313     0.328
     0.300     0.244     0.109     0.129     0.101     0.183     0.550     0.385     0.437     0.326     0.370
     0.300     0.222     0.096     0.125     0.123     0.186     0.468     0.362     0.451     0.381     0.379
     0.300     0.177     0.089     0.110     0.119     0.172     0.489     0.395     0.495     0.484     0.469
     0.300     0.169     0.084     0.104     0.111     0.167     0.559     0.421     0.537     0.546     0.549
     0.300     0.166     0.083     0.102     0.107     0.165     0.598     0.434     0.563     0.577     0.591
     0.300     0.166     0.082     0.103     0.105     0.165     0.610     0.439     0.574     0.587     0.606
     0.300     0.166     0.083     0.105     0.104     0.165     0.596     0.434     0.566     0.577     0.592
     0.300     0.167     0.085     0.109     0.106     0.166     0.555     0.422     0.538     0.552     0.551
     0.300     0.177     0.089     0.119     0.113     0.172     0.482     0.394     0.477     0.509     0.469
     0.300     0.224     0.096     0.123     0.128     0.187     0.467     0.359     0.379     0.462     0.381
     0.300     0.241     0.110     0.103     0.130     0.182     0.551     0.387     0.338     0.449     0.378
     0.300     0.237     0.134     0.101     0.131     0.166     0.555     0.400     0.330     0.414     0.338
     0.300     0.232     0.163     0.128     0.143     0.150     0.493     0.390     0.363     0.380     0.268
     0.300     0.218     0.205     0.191     0.190     0.125     0.388     0.358     0.418     0.390     0.182
     0.300     0.191     0.228     0.248     0.284     0.083     0.294     0.309     0.431     0.484     0.105
     0.300     0.194     0.170     0.157     0.258     0.120     0.384     0.304     0.350     0.592     0.197
     0.300     0.202     0.117     0.115     0.209     0.136     0.446     0.278     0.312     0.589     0.256
     0.300     0.205     0.092     0.100     0.174     0.144     0.457     0.255     0.296     0.526     0.280
     0.300     0.206     0.081     0.095     0.144     0.148     0.431     0.248     0.285     0.428     0.283
     0.300     0.193     0.080     0.092     0.112     0.150     0.374     0.258     0.278     0.315     0.276
     0.300     0.152     0.075     0.076     0.081     0.139     0.344     0.275     0.270     0.266     0.308
     0.300     0.134     0.064     0.061     0.065     0.131     0.372     0.269     0.260     0.267     0.360
     0.300     0.129     0.057     0.055     0.057     0.128     0.398     0.260     0.258     0.262     0.393
